SF:/home/object-oriented-software-programming/CloudServiceStore/CloudServiceStore.Application/DependencyInjection.cs
FN:8,Microsoft.Extensions.DependencyInjection.IServiceCollection CloudServiceStore.Application.DependencyInjection::AddApplication(Microsoft.Extensions.DependencyInjection.IServiceCollection)
FNDA:0,Microsoft.Extensions.DependencyInjection.IServiceCollection CloudServiceStore.Application.DependencyInjection::AddApplication(Microsoft.Extensions.DependencyInjection.IServiceCollection)
DA:9,0
DA:10,0
DA:11,0
DA:13,0
DA:14,0
DA:15,0
DA:16,0
DA:18,0
DA:19,0
LF:9
LH:0
BRF:0
BRH:0
FNF:1
FNH:0
end_of_record
SF:/home/object-oriented-software-programming/CloudServiceStore/CloudServiceStore.Application/Security/RefreshTokenHasher.cs
FN:9,System.String CloudServiceStore.Application.Security.RefreshTokenHasher::Hash(System.String)
FNDA:8,System.String CloudServiceStore.Application.Security.RefreshTokenHasher::Hash(System.String)
DA:10,8
DA:11,8
DA:12,8
DA:13,8
LF:4
LH:4
BRF:0
BRH:0
FNF:1
FNH:1
end_of_record
SF:/home/object-oriented-software-programming/CloudServiceStore/CloudServiceStore.Application/Features/Wishlists/Queries/GetMyWishlist/GetMyWishlistQueryHandler.cs
FN:19,System.Void CloudServiceStore.Application.Features.Wishlists.Queries.GetMyWishlist.GetMyWishlistQueryHandler::.ctor(CloudServiceStore.Domain.Interfaces.IRepository`1<CloudServiceStore.Domain.Entities.WishlistItem>,CloudServiceStore.Application.Interfaces.ICurrentUserService)
FNDA:2,System.Void CloudServiceStore.Application.Features.Wishlists.Queries.GetMyWishlist.GetMyWishlistQueryHandler::.ctor(CloudServiceStore.Domain.Interfaces.IRepository`1<CloudServiceStore.Domain.Entities.WishlistItem>,CloudServiceStore.Application.Interfaces.ICurrentUserService)
DA:20,2
DA:21,2
DA:22,2
DA:23,2
DA:24,2
FN:30,CloudServiceStore.Application.DTOs.WishlistItemDto CloudServiceStore.Application.Features.Wishlists.Queries.GetMyWishlist.GetMyWishlistQueryHandler/<>c::<Handle>b__3_0(CloudServiceStore.Domain.Entities.WishlistItem)
FNDA:2,CloudServiceStore.Application.DTOs.WishlistItemDto CloudServiceStore.Application.Features.Wishlists.Queries.GetMyWishlist.GetMyWishlistQueryHandler/<>c::<Handle>b__3_0(CloudServiceStore.Domain.Entities.WishlistItem)
DA:31,2
DA:32,2
DA:33,2
DA:34,2
DA:35,2
DA:36,2
DA:37,2
BRDA:31,39,0,0
BRDA:31,39,1,1
BRDA:31,51,0,0
BRDA:31,51,1,1
FN:26,System.Void CloudServiceStore.Application.Features.Wishlists.Queries.GetMyWishlist.GetMyWishlistQueryHandler/<Handle>d__3::MoveNext()
FNDA:2,System.Void CloudServiceStore.Application.Features.Wishlists.Queries.GetMyWishlist.GetMyWishlistQueryHandler/<Handle>d__3::MoveNext()
DA:27,2
DA:28,2
DA:30,1
DA:38,1
BRDA:28,59,0,1
BRDA:28,59,1,1
LF:16
LH:16
BRF:6
BRH:4
FNF:3
FNH:3
end_of_record
SF:/home/object-oriented-software-programming/CloudServiceStore/CloudServiceStore.Application/Features/Wishlists/Commands/RemoveFromWishlist/RemoveFromWishlistCommand.cs
FN:7,System.Guid CloudServiceStore.Application.Features.Wishlists.Commands.RemoveFromWishlist.RemoveFromWishlistCommand::get_Id()
FNDA:4,System.Guid CloudServiceStore.Application.Features.Wishlists.Commands.RemoveFromWishlist.RemoveFromWishlistCommand::get_Id()
DA:8,4
LF:1
LH:1
BRF:0
BRH:0
FNF:1
FNH:1
end_of_record
SF:/home/object-oriented-software-programming/CloudServiceStore/CloudServiceStore.Application/Features/Wishlists/Commands/RemoveFromWishlist/RemoveFromWishlistCommandHandler.cs
FN:17,System.Void CloudServiceStore.Application.Features.Wishlists.Commands.RemoveFromWishlist.RemoveFromWishlistCommandHandler::.ctor(CloudServiceStore.Domain.Interfaces.IRepository`1<CloudServiceStore.Domain.Entities.WishlistItem>,CloudServiceStore.Domain.Interfaces.IUnitOfWork,CloudServiceStore.Application.Interfaces.ICurrentUserService)
FNDA:2,System.Void CloudServiceStore.Application.Features.Wishlists.Commands.RemoveFromWishlist.RemoveFromWishlistCommandHandler::.ctor(CloudServiceStore.Domain.Interfaces.IRepository`1<CloudServiceStore.Domain.Entities.WishlistItem>,CloudServiceStore.Domain.Interfaces.IUnitOfWork,CloudServiceStore.Application.Interfaces.ICurrentUserService)
DA:18,2
DA:19,2
DA:20,2
DA:21,2
DA:22,2
DA:23,2
FN:25,System.Void CloudServiceStore.Application.Features.Wishlists.Commands.RemoveFromWishlist.RemoveFromWishlistCommandHandler/<Handle>d__4::MoveNext()
FNDA:2,System.Void CloudServiceStore.Application.Features.Wishlists.Commands.RemoveFromWishlist.RemoveFromWishlistCommandHandler/<Handle>d__4::MoveNext()
DA:26,2
DA:27,2
DA:29,2
DA:30,2
DA:31,3
DA:33,1
DA:34,1
DA:36,1
DA:37,1
BRDA:27,54,0,0
BRDA:27,54,1,2
BRDA:30,251,0,0
BRDA:30,251,1,2
BRDA:31,306,0,1
BRDA:31,306,1,1
LF:15
LH:15
BRF:6
BRH:4
FNF:2
FNH:2
end_of_record
SF:/home/object-oriented-software-programming/CloudServiceStore/CloudServiceStore.Application/Features/Wishlists/Commands/AddToWishlist/AddToWishlistCommand.cs
FN:7,System.Guid CloudServiceStore.Application.Features.Wishlists.Commands.AddToWishlist.AddToWishlistCommand::get_ServicePlanId()
FNDA:8,System.Guid CloudServiceStore.Application.Features.Wishlists.Commands.AddToWishlist.AddToWishlistCommand::get_ServicePlanId()
DA:8,8
LF:1
LH:1
BRF:0
BRH:0
FNF:1
FNH:1
end_of_record
SF:/home/object-oriented-software-programming/CloudServiceStore/CloudServiceStore.Application/Features/Wishlists/Commands/AddToWishlist/AddToWishlistCommandHandler.cs
FN:18,System.Void CloudServiceStore.Application.Features.Wishlists.Commands.AddToWishlist.AddToWishlistCommandHandler::.ctor(CloudServiceStore.Domain.Interfaces.IRepository`1<CloudServiceStore.Domain.Entities.WishlistItem>,CloudServiceStore.Domain.Interfaces.IRepository`1<CloudServiceStore.Domain.Entities.ServicePlan>,CloudServiceStore.Domain.Interfaces.IUnitOfWork,CloudServiceStore.Application.Interfaces.ICurrentUserService)
FNDA:3,System.Void CloudServiceStore.Application.Features.Wishlists.Commands.AddToWishlist.AddToWishlistCommandHandler::.ctor(CloudServiceStore.Domain.Interfaces.IRepository`1<CloudServiceStore.Domain.Entities.WishlistItem>,CloudServiceStore.Domain.Interfaces.IRepository`1<CloudServiceStore.Domain.Entities.ServicePlan>,CloudServiceStore.Domain.Interfaces.IUnitOfWork,CloudServiceStore.Application.Interfaces.ICurrentUserService)
DA:19,3
DA:20,3
DA:21,3
DA:22,3
DA:23,3
DA:24,3
DA:25,3
DA:26,3
DA:27,3
DA:28,3
DA:29,3
FN:31,System.Void CloudServiceStore.Application.Features.Wishlists.Commands.AddToWishlist.AddToWishlistCommandHandler/<Handle>d__5::MoveNext()
FNDA:3,System.Void CloudServiceStore.Application.Features.Wishlists.Commands.AddToWishlist.AddToWishlistCommandHandler/<Handle>d__5::MoveNext()
DA:32,3
DA:33,3
DA:35,3
DA:36,4
DA:38,2
DA:39,3
DA:41,1
DA:42,1
DA:43,1
DA:44,1
DA:45,1
DA:46,1
DA:47,1
DA:49,1
DA:50,1
DA:52,1
DA:53,1
BRDA:33,110,0,0
BRDA:33,110,1,3
BRDA:36,312,0,1
BRDA:36,312,1,2
BRDA:39,728,0,1
BRDA:39,728,1,1
LF:28
LH:28
BRF:6
BRH:5
FNF:2
FNH:2
end_of_record
SF:/home/object-oriented-software-programming/CloudServiceStore/CloudServiceStore.Application/Features/Wallet/Queries/GetMyWalletTransactions/GetMyWalletTransactionsQueryHandler.cs
FN:19,System.Void CloudServiceStore.Application.Features.Wallet.Queries.GetMyWalletTransactions.GetMyWalletTransactionsQueryHandler::.ctor(CloudServiceStore.Domain.Interfaces.IRepository`1<CloudServiceStore.Domain.Entities.Wallet>,CloudServiceStore.Domain.Interfaces.IRepository`1<CloudServiceStore.Domain.Entities.WalletTransaction>,CloudServiceStore.Application.Interfaces.ICurrentUserService)
FNDA:0,System.Void CloudServiceStore.Application.Features.Wallet.Queries.GetMyWalletTransactions.GetMyWalletTransactionsQueryHandler::.ctor(CloudServiceStore.Domain.Interfaces.IRepository`1<CloudServiceStore.Domain.Entities.Wallet>,CloudServiceStore.Domain.Interfaces.IRepository`1<CloudServiceStore.Domain.Entities.WalletTransaction>,CloudServiceStore.Application.Interfaces.ICurrentUserService)
DA:20,0
DA:21,0
FN:32,System.DateTime CloudServiceStore.Application.Features.Wallet.Queries.GetMyWalletTransactions.GetMyWalletTransactionsQueryHandler/<>c::<Handle>b__4_0(CloudServiceStore.Domain.Entities.WalletTransaction)
FNDA:0,System.DateTime CloudServiceStore.Application.Features.Wallet.Queries.GetMyWalletTransactions.GetMyWalletTransactionsQueryHandler/<>c::<Handle>b__4_0(CloudServiceStore.Domain.Entities.WalletTransaction)
DA:33,0
FN:23,System.Void CloudServiceStore.Application.Features.Wallet.Queries.GetMyWalletTransactions.GetMyWalletTransactionsQueryHandler/<Handle>d__4::MoveNext()
FNDA:0,System.Void CloudServiceStore.Application.Features.Wallet.Queries.GetMyWalletTransactions.GetMyWalletTransactionsQueryHandler/<Handle>d__4::MoveNext()
DA:24,0
DA:25,0
DA:27,0
DA:28,0
DA:30,0
DA:32,0
DA:34,0
BRDA:25,70,0,0
BRDA:25,70,1,0
BRDA:30,395,0,0
BRDA:30,395,1,0
LF:10
LH:0
BRF:4
BRH:0
FNF:3
FNH:0
end_of_record
SF:/home/object-oriented-software-programming/CloudServiceStore/CloudServiceStore.Application/Features/Wallet/Queries/GetMyWallet/GetMyWalletQueryHandler.cs
FN:17,System.Void CloudServiceStore.Application.Features.Wallet.Queries.GetMyWallet.GetMyWalletQueryHandler::.ctor(CloudServiceStore.Domain.Interfaces.IRepository`1<CloudServiceStore.Domain.Entities.Wallet>,CloudServiceStore.Application.Interfaces.ICurrentUserService,CloudServiceStore.Domain.Interfaces.IUnitOfWork)
FNDA:0,System.Void CloudServiceStore.Application.Features.Wallet.Queries.GetMyWallet.GetMyWalletQueryHandler::.ctor(CloudServiceStore.Domain.Interfaces.IRepository`1<CloudServiceStore.Domain.Entities.Wallet>,CloudServiceStore.Application.Interfaces.ICurrentUserService,CloudServiceStore.Domain.Interfaces.IUnitOfWork)
DA:18,0
DA:19,0
DA:20,0
DA:21,0
DA:22,0
DA:23,0
FN:25,System.Void CloudServiceStore.Application.Features.Wallet.Queries.GetMyWallet.GetMyWalletQueryHandler/<Handle>d__4::MoveNext()
FNDA:0,System.Void CloudServiceStore.Application.Features.Wallet.Queries.GetMyWallet.GetMyWalletQueryHandler/<Handle>d__4::MoveNext()
DA:26,0
DA:27,0
DA:29,0
DA:30,0
DA:32,0
DA:33,0
DA:34,0
DA:35,0
DA:36,0
DA:37,0
DA:39,0
DA:40,0
BRDA:27,84,0,0
BRDA:27,84,1,0
BRDA:32,399,0,0
BRDA:32,399,1,0
LF:18
LH:0
BRF:4
BRH:0
FNF:2
FNH:0
end_of_record
SF:/home/object-oriented-software-programming/CloudServiceStore/CloudServiceStore.Application/Features/Wallet/Commands/TopUpWallet/TopUpWalletCommand.cs
FN:5,System.Decimal CloudServiceStore.Application.Features.Wallet.Commands.TopUpWallet.TopUpWalletCommand::get_Amount()
FNDA:0,System.Decimal CloudServiceStore.Application.Features.Wallet.Commands.TopUpWallet.TopUpWalletCommand::get_Amount()
DA:6,0
LF:1
LH:0
BRF:0
BRH:0
FNF:1
FNH:0
end_of_record
SF:/home/object-oriented-software-programming/CloudServiceStore/CloudServiceStore.Application/Features/Wallet/Commands/TopUpWallet/TopUpWalletCommandHandler.cs
FN:20,System.Void CloudServiceStore.Application.Features.Wallet.Commands.TopUpWallet.TopUpWalletCommandHandler::.ctor(CloudServiceStore.Domain.Interfaces.IUnitOfWork,CloudServiceStore.Domain.Interfaces.IRepository`1<CloudServiceStore.Domain.Entities.Wallet>,CloudServiceStore.Domain.Interfaces.IRepository`1<CloudServiceStore.Domain.Entities.WalletTransaction>,CloudServiceStore.Application.Interfaces.ICurrentUserService)
FNDA:0,System.Void CloudServiceStore.Application.Features.Wallet.Commands.TopUpWallet.TopUpWalletCommandHandler::.ctor(CloudServiceStore.Domain.Interfaces.IUnitOfWork,CloudServiceStore.Domain.Interfaces.IRepository`1<CloudServiceStore.Domain.Entities.Wallet>,CloudServiceStore.Domain.Interfaces.IRepository`1<CloudServiceStore.Domain.Entities.WalletTransaction>,CloudServiceStore.Application.Interfaces.ICurrentUserService)
DA:21,0
DA:22,0
FN:24,System.Void CloudServiceStore.Application.Features.Wallet.Commands.TopUpWallet.TopUpWalletCommandHandler/<Handle>d__5::MoveNext()
FNDA:0,System.Void CloudServiceStore.Application.Features.Wallet.Commands.TopUpWallet.TopUpWalletCommandHandler/<Handle>d__5::MoveNext()
DA:25,0
DA:26,0
DA:28,0
DA:29,0
DA:31,0
DA:32,0
DA:33,0
DA:34,0
DA:35,0
DA:37,0
DA:38,0
DA:40,0
DA:41,0
DA:43,0
DA:44,0
DA:45,0
BRDA:26,93,0,0
BRDA:26,93,1,0
BRDA:31,408,0,0
BRDA:31,408,1,0
LF:18
LH:0
BRF:4
BRH:0
FNF:2
FNH:0
end_of_record
SF:/home/object-oriented-software-programming/CloudServiceStore/CloudServiceStore.Application/Features/Wallet/Commands/PayWithWallet/PayWithWalletCommand.cs
FN:5,System.Guid CloudServiceStore.Application.Features.Wallet.Commands.PayWithWallet.PayWithWalletCommand::get_OrderId()
FNDA:10,System.Guid CloudServiceStore.Application.Features.Wallet.Commands.PayWithWallet.PayWithWalletCommand::get_OrderId()
DA:6,10
LF:1
LH:1
BRF:0
BRH:0
FNF:1
FNH:1
end_of_record
SF:/home/object-oriented-software-programming/CloudServiceStore/CloudServiceStore.Application/Features/Wallet/Commands/PayWithWallet/PayWithWalletCommandHandler.cs
FN:21,System.Void CloudServiceStore.Application.Features.Wallet.Commands.PayWithWallet.PayWithWalletCommandHandler::.ctor(CloudServiceStore.Domain.Interfaces.IUnitOfWork,CloudServiceStore.Domain.Interfaces.IRepository`1<CloudServiceStore.Domain.Entities.Wallet>,CloudServiceStore.Domain.Interfaces.IRepository`1<CloudServiceStore.Domain.Entities.WalletTransaction>,CloudServiceStore.Domain.Interfaces.IRepository`1<CloudServiceStore.Domain.Entities.OrderRequest>,CloudServiceStore.Application.Interfaces.ICurrentUserService)
FNDA:5,System.Void CloudServiceStore.Application.Features.Wallet.Commands.PayWithWallet.PayWithWalletCommandHandler::.ctor(CloudServiceStore.Domain.Interfaces.IUnitOfWork,CloudServiceStore.Domain.Interfaces.IRepository`1<CloudServiceStore.Domain.Entities.Wallet>,CloudServiceStore.Domain.Interfaces.IRepository`1<CloudServiceStore.Domain.Entities.WalletTransaction>,CloudServiceStore.Domain.Interfaces.IRepository`1<CloudServiceStore.Domain.Entities.OrderRequest>,CloudServiceStore.Application.Interfaces.ICurrentUserService)
DA:22,5
DA:23,35
FN:25,System.Void CloudServiceStore.Application.Features.Wallet.Commands.PayWithWallet.PayWithWalletCommandHandler/<Handle>d__6::MoveNext()
FNDA:5,System.Void CloudServiceStore.Application.Features.Wallet.Commands.PayWithWallet.PayWithWalletCommandHandler/<Handle>d__6::MoveNext()
DA:26,5
DA:27,5
DA:29,5
DA:30,7
DA:31,4
DA:33,2
DA:34,2
DA:36,2
DA:37,1
DA:39,1
DA:40,1
DA:42,1
DA:43,1
DA:45,1
DA:46,1
DA:48,1
DA:49,1
DA:50,1
BRDA:27,93,0,0
BRDA:27,93,1,5
BRDA:30,286,0,4
BRDA:30,286,1,1
BRDA:30,322,0,2
BRDA:30,322,1,3
BRDA:31,356,0,1
BRDA:31,356,1,2
BRDA:36,655,0,2
BRDA:36,655,1,0
BRDA:36,691,0,1
BRDA:36,691,1,1
LF:20
LH:20
BRF:12
BRH:10
FNF:2
FNH:2
end_of_record
SF:/home/object-oriented-software-programming/CloudServiceStore/CloudServiceStore.Application/Features/Users/Queries/GetUsers/GetUsersQuery.cs
FN:6,System.Guid CloudServiceStore.Application.Features.Users.Queries.GetUsers.UserDto::get_Id()
FNDA:0,System.Guid CloudServiceStore.Application.Features.Users.Queries.GetUsers.UserDto::get_Id()
DA:7,0
FN:8,System.Void CloudServiceStore.Application.Features.Users.Queries.GetUsers.GetUsersQuery::.ctor()
FNDA:0,System.Void CloudServiceStore.Application.Features.Users.Queries.GetUsers.GetUsersQuery::.ctor()
DA:9,0
LF:2
LH:0
BRF:0
BRH:0
FNF:2
FNH:0
end_of_record
SF:/home/object-oriented-software-programming/CloudServiceStore/CloudServiceStore.Application/Features/Users/Queries/GetUsers/GetUsersQueryHandler.cs
FN:14,System.Void CloudServiceStore.Application.Features.Users.Queries.GetUsers.GetUsersQueryHandler::.ctor(CloudServiceStore.Domain.Interfaces.IRepository`1<CloudServiceStore.Domain.Entities.AppUser>)
FNDA:0,System.Void CloudServiceStore.Application.Features.Users.Queries.GetUsers.GetUsersQueryHandler::.ctor(CloudServiceStore.Domain.Interfaces.IRepository`1<CloudServiceStore.Domain.Entities.AppUser>)
DA:15,0
DA:16,0
DA:17,0
DA:18,0
FN:23,CloudServiceStore.Application.Features.Users.Queries.GetUsers.UserDto CloudServiceStore.Application.Features.Users.Queries.GetUsers.GetUsersQueryHandler/<>c::<Handle>b__2_0(CloudServiceStore.Domain.Entities.AppUser)
FNDA:0,CloudServiceStore.Application.Features.Users.Queries.GetUsers.UserDto CloudServiceStore.Application.Features.Users.Queries.GetUsers.GetUsersQueryHandler/<>c::<Handle>b__2_0(CloudServiceStore.Domain.Entities.AppUser)
DA:24,0
DA:25,0
DA:26,0
FN:20,System.Void CloudServiceStore.Application.Features.Users.Queries.GetUsers.GetUsersQueryHandler/<Handle>d__2::MoveNext()
FNDA:0,System.Void CloudServiceStore.Application.Features.Users.Queries.GetUsers.GetUsersQueryHandler/<Handle>d__2::MoveNext()
DA:21,0
DA:22,0
DA:27,0
LF:10
LH:0
BRF:0
BRH:0
FNF:3
FNH:0
end_of_record
SF:/home/object-oriented-software-programming/CloudServiceStore/CloudServiceStore.Application/Features/Users/Commands/LockUser/LockUserCommand.cs
FN:5,System.Guid CloudServiceStore.Application.Features.Users.Commands.LockUser.LockUserCommand::get_UserId()
FNDA:9,System.Guid CloudServiceStore.Application.Features.Users.Commands.LockUser.LockUserCommand::get_UserId()
DA:6,9
LF:1
LH:1
BRF:0
BRH:0
FNF:1
FNH:1
end_of_record
SF:/home/object-oriented-software-programming/CloudServiceStore/CloudServiceStore.Application/Features/Users/Commands/LockUser/LockUserCommandHandler.cs
FN:16,System.Void CloudServiceStore.Application.Features.Users.Commands.LockUser.LockUserCommandHandler::.ctor(CloudServiceStore.Domain.Interfaces.IUnitOfWork,CloudServiceStore.Domain.Interfaces.IRepository`1<CloudServiceStore.Domain.Entities.AppUser>,CloudServiceStore.Application.Interfaces.ICurrentUserService)
FNDA:3,System.Void CloudServiceStore.Application.Features.Users.Commands.LockUser.LockUserCommandHandler::.ctor(CloudServiceStore.Domain.Interfaces.IUnitOfWork,CloudServiceStore.Domain.Interfaces.IRepository`1<CloudServiceStore.Domain.Entities.AppUser>,CloudServiceStore.Application.Interfaces.ICurrentUserService)
DA:17,3
DA:18,3
DA:19,3
DA:20,3
DA:21,3
DA:22,3
FN:24,System.Void CloudServiceStore.Application.Features.Users.Commands.LockUser.LockUserCommandHandler/<Handle>d__4::MoveNext()
FNDA:3,System.Void CloudServiceStore.Application.Features.Users.Commands.LockUser.LockUserCommandHandler/<Handle>d__4::MoveNext()
DA:25,3
DA:26,3
DA:27,1
DA:29,2
DA:30,2
DA:32,1
DA:34,1
DA:35,1
DA:36,1
BRDA:26,65,0,0
BRDA:26,65,1,3
BRDA:26,85,0,1
BRDA:26,85,1,2
BRDA:29,243,0,1
BRDA:29,243,1,1
LF:15
LH:15
BRF:6
BRH:5
FNF:2
FNH:2
end_of_record
SF:/home/object-oriented-software-programming/CloudServiceStore/CloudServiceStore.Application/Features/Users/Commands/ChangeRole/ChangeUserRoleCommand.cs
FN:5,System.Guid CloudServiceStore.Application.Features.Users.Commands.ChangeRole.ChangeUserRoleCommand::get_UserId()
FNDA:0,System.Guid CloudServiceStore.Application.Features.Users.Commands.ChangeRole.ChangeUserRoleCommand::get_UserId()
DA:6,0
LF:1
LH:0
BRF:0
BRH:0
FNF:1
FNH:0
end_of_record
SF:/home/object-oriented-software-programming/CloudServiceStore/CloudServiceStore.Application/Features/Users/Commands/ChangeRole/ChangeUserRoleCommandHandler.cs
FN:14,System.Void CloudServiceStore.Application.Features.Users.Commands.ChangeRole.ChangeUserRoleCommandHandler::.ctor(CloudServiceStore.Domain.Interfaces.IUnitOfWork,CloudServiceStore.Domain.Interfaces.IRepository`1<CloudServiceStore.Domain.Entities.AppUser>)
FNDA:0,System.Void CloudServiceStore.Application.Features.Users.Commands.ChangeRole.ChangeUserRoleCommandHandler::.ctor(CloudServiceStore.Domain.Interfaces.IUnitOfWork,CloudServiceStore.Domain.Interfaces.IRepository`1<CloudServiceStore.Domain.Entities.AppUser>)
DA:15,0
DA:16,0
DA:17,0
DA:18,0
DA:19,0
FN:21,System.Void CloudServiceStore.Application.Features.Users.Commands.ChangeRole.ChangeUserRoleCommandHandler/<Handle>d__3::MoveNext()
FNDA:0,System.Void CloudServiceStore.Application.Features.Users.Commands.ChangeRole.ChangeUserRoleCommandHandler/<Handle>d__3::MoveNext()
DA:22,0
DA:23,0
DA:24,0
DA:32,0
DA:33,0
BRDA:23,167,0,0
BRDA:23,167,1,0
LF:10
LH:0
BRF:2
BRH:0
FNF:2
FNH:0
end_of_record
SF:/home/object-oriented-software-programming/CloudServiceStore/CloudServiceStore.Application/Features/Uptime/Queries/GetSystemStatus/GetSystemStatusQueryHandler.cs
FN:15,System.Void CloudServiceStore.Application.Features.Uptime.Queries.GetSystemStatus.GetSystemStatusQueryHandler::.ctor(CloudServiceStore.Domain.Interfaces.IRepository`1<CloudServiceStore.Domain.Entities.ServiceStatusLog>)
FNDA:1,System.Void CloudServiceStore.Application.Features.Uptime.Queries.GetSystemStatus.GetSystemStatusQueryHandler::.ctor(CloudServiceStore.Domain.Interfaces.IRepository`1<CloudServiceStore.Domain.Entities.ServiceStatusLog>)
DA:16,1
DA:17,3
FN:19,System.Void CloudServiceStore.Application.Features.Uptime.Queries.GetSystemStatus.GetSystemStatusQueryHandler/<Handle>d__2::MoveNext()
FNDA:1,System.Void CloudServiceStore.Application.Features.Uptime.Queries.GetSystemStatus.GetSystemStatusQueryHandler/<Handle>d__2::MoveNext()
DA:20,1
DA:22,1
DA:23,1
LF:5
LH:5
BRF:0
BRH:0
FNF:2
FNH:2
end_of_record
SF:/home/object-oriented-software-programming/CloudServiceStore/CloudServiceStore.Application/Features/Uptime/Queries/GetOrderUptime/GetOrderUptimeQuery.cs
FN:6,System.Guid CloudServiceStore.Application.Features.Uptime.Queries.GetOrderUptime.GetOrderUptimeQuery::get_OrderId()
FNDA:6,System.Guid CloudServiceStore.Application.Features.Uptime.Queries.GetOrderUptime.GetOrderUptimeQuery::get_OrderId()
DA:7,6
LF:1
LH:1
BRF:0
BRH:0
FNF:1
FNH:1
end_of_record
SF:/home/object-oriented-software-programming/CloudServiceStore/CloudServiceStore.Application/Features/Uptime/Queries/GetOrderUptime/GetOrderUptimeQueryHandler.cs
FN:18,System.Void CloudServiceStore.Application.Features.Uptime.Queries.GetOrderUptime.GetOrderUptimeQueryHandler::.ctor(CloudServiceStore.Domain.Interfaces.IRepository`1<CloudServiceStore.Domain.Entities.OrderRequest>,CloudServiceStore.Domain.Interfaces.IRepository`1<CloudServiceStore.Domain.Entities.ServiceStatusLog>,CloudServiceStore.Application.Interfaces.ICurrentUserService)
FNDA:3,System.Void CloudServiceStore.Application.Features.Uptime.Queries.GetOrderUptime.GetOrderUptimeQueryHandler::.ctor(CloudServiceStore.Domain.Interfaces.IRepository`1<CloudServiceStore.Domain.Entities.OrderRequest>,CloudServiceStore.Domain.Interfaces.IRepository`1<CloudServiceStore.Domain.Entities.ServiceStatusLog>,CloudServiceStore.Application.Interfaces.ICurrentUserService)
DA:19,3
DA:20,15
FN:22,System.Void CloudServiceStore.Application.Features.Uptime.Queries.GetOrderUptime.GetOrderUptimeQueryHandler/<Handle>d__4::MoveNext()
FNDA:3,System.Void CloudServiceStore.Application.Features.Uptime.Queries.GetOrderUptime.GetOrderUptimeQueryHandler/<Handle>d__4::MoveNext()
DA:23,3
DA:24,3
DA:26,3
DA:27,3
DA:29,2
DA:30,1
DA:32,1
DA:33,1
BRDA:24,82,0,0
BRDA:24,82,1,3
BRDA:26,257,0,1
BRDA:26,257,1,2
BRDA:29,309,0,1
BRDA:29,309,1,1
LF:10
LH:10
BRF:6
BRH:5
FNF:2
FNH:2
end_of_record
SF:/home/object-oriented-software-programming/CloudServiceStore/CloudServiceStore.Application/Features/Tickets/Queries/GetTicketQueue/GetTicketQueueQuery.cs
FN:6,System.Guid CloudServiceStore.Application.Features.Tickets.Queries.GetTicketQueue.TicketQueueDto::get_Id()
FNDA:0,System.Guid CloudServiceStore.Application.Features.Tickets.Queries.GetTicketQueue.TicketQueueDto::get_Id()
DA:7,0
FN:8,System.Void CloudServiceStore.Application.Features.Tickets.Queries.GetTicketQueue.GetTicketQueueQuery::.ctor()
FNDA:0,System.Void CloudServiceStore.Application.Features.Tickets.Queries.GetTicketQueue.GetTicketQueueQuery::.ctor()
DA:9,0
LF:2
LH:0
BRF:0
BRH:0
FNF:2
FNH:0
end_of_record
SF:/home/object-oriented-software-programming/CloudServiceStore/CloudServiceStore.Application/Features/Tickets/Queries/GetTicketQueue/GetTicketQueueQueryHandler.cs
FN:15,System.Void CloudServiceStore.Application.Features.Tickets.Queries.GetTicketQueue.GetTicketQueueQueryHandler::.ctor(CloudServiceStore.Domain.Interfaces.IRepository`1<CloudServiceStore.Domain.Entities.SupportTicket>)
FNDA:0,System.Void CloudServiceStore.Application.Features.Tickets.Queries.GetTicketQueue.GetTicketQueueQueryHandler::.ctor(CloudServiceStore.Domain.Interfaces.IRepository`1<CloudServiceStore.Domain.Entities.SupportTicket>)
DA:16,0
DA:17,0
DA:18,0
DA:19,0
FN:24,CloudServiceStore.Application.Features.Tickets.Queries.GetTicketQueue.TicketQueueDto CloudServiceStore.Application.Features.Tickets.Queries.GetTicketQueue.GetTicketQueueQueryHandler/<>c::<Handle>b__2_0(CloudServiceStore.Domain.Entities.SupportTicket)
FNDA:0,CloudServiceStore.Application.Features.Tickets.Queries.GetTicketQueue.TicketQueueDto CloudServiceStore.Application.Features.Tickets.Queries.GetTicketQueue.GetTicketQueueQueryHandler/<>c::<Handle>b__2_0(CloudServiceStore.Domain.Entities.SupportTicket)
DA:25,0
DA:26,0
DA:27,0
DA:28,0
DA:29,0
DA:30,0
DA:31,0
DA:32,0
FN:21,System.Void CloudServiceStore.Application.Features.Tickets.Queries.GetTicketQueue.GetTicketQueueQueryHandler/<Handle>d__2::MoveNext()
FNDA:0,System.Void CloudServiceStore.Application.Features.Tickets.Queries.GetTicketQueue.GetTicketQueueQueryHandler/<Handle>d__2::MoveNext()
DA:22,0
DA:23,0
DA:33,0
LF:15
LH:0
BRF:0
BRH:0
FNF:3
FNH:0
end_of_record
SF:/home/object-oriented-software-programming/CloudServiceStore/CloudServiceStore.Application/Features/Tickets/Queries/GetMyTickets/GetMyTicketsQuery.cs
FN:6,System.Guid CloudServiceStore.Application.Features.Tickets.Queries.GetMyTickets.TicketSummaryDto::get_Id()
FNDA:0,System.Guid CloudServiceStore.Application.Features.Tickets.Queries.GetMyTickets.TicketSummaryDto::get_Id()
DA:7,0
FN:8,System.Void CloudServiceStore.Application.Features.Tickets.Queries.GetMyTickets.GetMyTicketsQuery::.ctor()
FNDA:0,System.Void CloudServiceStore.Application.Features.Tickets.Queries.GetMyTickets.GetMyTicketsQuery::.ctor()
DA:9,0
LF:2
LH:0
BRF:0
BRH:0
FNF:2
FNH:0
end_of_record
SF:/home/object-oriented-software-programming/CloudServiceStore/CloudServiceStore.Application/Features/Tickets/Queries/GetMyTickets/GetMyTicketsQueryHandler.cs
FN:18,System.Void CloudServiceStore.Application.Features.Tickets.Queries.GetMyTickets.GetMyTicketsQueryHandler::.ctor(CloudServiceStore.Domain.Interfaces.IRepository`1<CloudServiceStore.Domain.Entities.SupportTicket>,CloudServiceStore.Application.Interfaces.ICurrentUserService)
FNDA:0,System.Void CloudServiceStore.Application.Features.Tickets.Queries.GetMyTickets.GetMyTicketsQueryHandler::.ctor(CloudServiceStore.Domain.Interfaces.IRepository`1<CloudServiceStore.Domain.Entities.SupportTicket>,CloudServiceStore.Application.Interfaces.ICurrentUserService)
DA:19,0
DA:20,0
DA:21,0
DA:22,0
DA:23,0
FN:30,CloudServiceStore.Application.Features.Tickets.Queries.GetMyTickets.TicketSummaryDto CloudServiceStore.Application.Features.Tickets.Queries.GetMyTickets.GetMyTicketsQueryHandler/<>c::<Handle>b__3_0(CloudServiceStore.Domain.Entities.SupportTicket)
FNDA:0,CloudServiceStore.Application.Features.Tickets.Queries.GetMyTickets.TicketSummaryDto CloudServiceStore.Application.Features.Tickets.Queries.GetMyTickets.GetMyTicketsQueryHandler/<>c::<Handle>b__3_0(CloudServiceStore.Domain.Entities.SupportTicket)
DA:31,0
DA:32,0
DA:33,0
DA:34,0
DA:35,0
DA:36,0
DA:37,0
FN:25,System.Void CloudServiceStore.Application.Features.Tickets.Queries.GetMyTickets.GetMyTicketsQueryHandler/<Handle>d__3::MoveNext()
FNDA:0,System.Void CloudServiceStore.Application.Features.Tickets.Queries.GetMyTickets.GetMyTicketsQueryHandler/<Handle>d__3::MoveNext()
DA:26,0
DA:27,0
DA:29,0
DA:38,0
BRDA:27,59,0,0
BRDA:27,59,1,0
LF:16
LH:0
BRF:2
BRH:0
FNF:3
FNH:0
end_of_record
SF:/home/object-oriented-software-programming/CloudServiceStore/CloudServiceStore.Application/Features/Tickets/Commands/CreateTicket/CreateTicketCommand.cs
FN:7,System.String CloudServiceStore.Application.Features.Tickets.Commands.CreateTicket.CreateTicketCommand::get_Subject()
FNDA:4,System.String CloudServiceStore.Application.Features.Tickets.Commands.CreateTicket.CreateTicketCommand::get_Subject()
DA:8,4
FN:11,System.Void CloudServiceStore.Application.Features.Tickets.Commands.CreateTicket.CreateTicketCommandValidator::.ctor()
FNDA:0,System.Void CloudServiceStore.Application.Features.Tickets.Commands.CreateTicket.CreateTicketCommandValidator::.ctor()
DA:12,0
DA:13,0
DA:14,0
DA:15,0
DA:16,0
LF:6
LH:1
BRF:0
BRH:0
FNF:2
FNH:1
end_of_record
SF:/home/object-oriented-software-programming/CloudServiceStore/CloudServiceStore.Application/Features/Tickets/Commands/CreateTicket/CreateTicketCommandHandler.cs
FN:17,System.Void CloudServiceStore.Application.Features.Tickets.Commands.CreateTicket.CreateTicketCommandHandler::.ctor(CloudServiceStore.Domain.Interfaces.IUnitOfWork,CloudServiceStore.Domain.Interfaces.IRepository`1<CloudServiceStore.Domain.Entities.SupportTicket>,CloudServiceStore.Application.Interfaces.ICurrentUserService)
FNDA:2,System.Void CloudServiceStore.Application.Features.Tickets.Commands.CreateTicket.CreateTicketCommandHandler::.ctor(CloudServiceStore.Domain.Interfaces.IUnitOfWork,CloudServiceStore.Domain.Interfaces.IRepository`1<CloudServiceStore.Domain.Entities.SupportTicket>,CloudServiceStore.Application.Interfaces.ICurrentUserService)
DA:18,2
DA:19,2
DA:20,2
DA:21,2
DA:22,2
DA:23,2
DA:24,2
DA:25,2
DA:26,2
FN:28,System.Void CloudServiceStore.Application.Features.Tickets.Commands.CreateTicket.CreateTicketCommandHandler/<Handle>d__4::MoveNext()
FNDA:2,System.Void CloudServiceStore.Application.Features.Tickets.Commands.CreateTicket.CreateTicketCommandHandler/<Handle>d__4::MoveNext()
DA:29,2
DA:30,2
DA:32,1
DA:33,1
DA:34,1
DA:36,1
DA:37,1
BRDA:30,54,0,1
BRDA:30,54,1,1
LF:16
LH:16
BRF:2
BRH:2
FNF:2
FNH:2
end_of_record
SF:/home/object-oriented-software-programming/CloudServiceStore/CloudServiceStore.Application/Features/Tickets/Commands/CloseTicket/CloseTicketCommand.cs
FN:5,System.Guid CloudServiceStore.Application.Features.Tickets.Commands.CloseTicket.CloseTicketCommand::get_TicketId()
FNDA:7,System.Guid CloudServiceStore.Application.Features.Tickets.Commands.CloseTicket.CloseTicketCommand::get_TicketId()
DA:6,7
LF:1
LH:1
BRF:0
BRH:0
FNF:1
FNH:1
end_of_record
SF:/home/object-oriented-software-programming/CloudServiceStore/CloudServiceStore.Application/Features/Tickets/Commands/CloseTicket/CloseTicketCommandHandler.cs
FN:17,System.Void CloudServiceStore.Application.Features.Tickets.Commands.CloseTicket.CloseTicketCommandHandler::.ctor(CloudServiceStore.Domain.Interfaces.IUnitOfWork,CloudServiceStore.Domain.Interfaces.IRepository`1<CloudServiceStore.Domain.Entities.SupportTicket>,CloudServiceStore.Application.Interfaces.ICurrentUserService)
FNDA:3,System.Void CloudServiceStore.Application.Features.Tickets.Commands.CloseTicket.CloseTicketCommandHandler::.ctor(CloudServiceStore.Domain.Interfaces.IUnitOfWork,CloudServiceStore.Domain.Interfaces.IRepository`1<CloudServiceStore.Domain.Entities.SupportTicket>,CloudServiceStore.Application.Interfaces.ICurrentUserService)
DA:18,3
DA:19,3
DA:20,3
DA:21,3
DA:22,3
DA:23,3
DA:24,3
DA:25,3
DA:26,3
FN:28,System.Void CloudServiceStore.Application.Features.Tickets.Commands.CloseTicket.CloseTicketCommandHandler/<Handle>d__4::MoveNext()
FNDA:3,System.Void CloudServiceStore.Application.Features.Tickets.Commands.CloseTicket.CloseTicketCommandHandler/<Handle>d__4::MoveNext()
DA:29,3
DA:30,3
DA:32,3
DA:33,3
DA:35,2
DA:36,2
DA:37,2
BRDA:30,54,0,0
BRDA:30,54,1,3
BRDA:32,221,0,1
BRDA:32,221,1,2
LF:16
LH:16
BRF:4
BRH:3
FNF:2
FNH:2
end_of_record
SF:/home/object-oriented-software-programming/CloudServiceStore/CloudServiceStore.Application/Features/Tickets/Commands/AssignTicket/AssignTicketCommand.cs
FN:5,System.Guid CloudServiceStore.Application.Features.Tickets.Commands.AssignTicket.AssignTicketCommand::get_TicketId()
FNDA:9,System.Guid CloudServiceStore.Application.Features.Tickets.Commands.AssignTicket.AssignTicketCommand::get_TicketId()
DA:6,9
LF:1
LH:1
BRF:0
BRH:0
FNF:1
FNH:1
end_of_record
SF:/home/object-oriented-software-programming/CloudServiceStore/CloudServiceStore.Application/Features/Tickets/Commands/AssignTicket/AssignTicketCommandHandler.cs
FN:15,System.Void CloudServiceStore.Application.Features.Tickets.Commands.AssignTicket.AssignTicketCommandHandler::.ctor(CloudServiceStore.Domain.Interfaces.IUnitOfWork,CloudServiceStore.Domain.Interfaces.IRepository`1<CloudServiceStore.Domain.Entities.SupportTicket>)
FNDA:3,System.Void CloudServiceStore.Application.Features.Tickets.Commands.AssignTicket.AssignTicketCommandHandler::.ctor(CloudServiceStore.Domain.Interfaces.IUnitOfWork,CloudServiceStore.Domain.Interfaces.IRepository`1<CloudServiceStore.Domain.Entities.SupportTicket>)
DA:16,3
DA:17,3
DA:18,3
DA:19,3
DA:20,3
DA:21,3
DA:22,3
FN:24,System.Void CloudServiceStore.Application.Features.Tickets.Commands.AssignTicket.AssignTicketCommandHandler/<Handle>d__3::MoveNext()
FNDA:3,System.Void CloudServiceStore.Application.Features.Tickets.Commands.AssignTicket.AssignTicketCommandHandler/<Handle>d__3::MoveNext()
DA:25,3
DA:26,3
DA:27,3
DA:29,2
DA:30,1
DA:31,1
BRDA:26,167,0,1
BRDA:26,167,1,2
LF:13
LH:13
BRF:2
BRH:2
FNF:2
FNH:2
end_of_record
SF:/home/object-oriented-software-programming/CloudServiceStore/CloudServiceStore.Application/Features/Tickets/Commands/AddMessage/AddTicketMessageCommand.cs
FN:6,System.Guid CloudServiceStore.Application.Features.Tickets.Commands.AddMessage.AddTicketMessageCommand::get_TicketId()
FNDA:9,System.Guid CloudServiceStore.Application.Features.Tickets.Commands.AddMessage.AddTicketMessageCommand::get_TicketId()
DA:7,9
FN:10,System.Void CloudServiceStore.Application.Features.Tickets.Commands.AddMessage.AddTicketMessageCommandValidator::.ctor()
FNDA:0,System.Void CloudServiceStore.Application.Features.Tickets.Commands.AddMessage.AddTicketMessageCommandValidator::.ctor()
DA:11,0
DA:12,0
DA:13,0
DA:14,0
DA:15,0
LF:6
LH:1
BRF:0
BRH:0
FNF:2
FNH:1
end_of_record
SF:/home/object-oriented-software-programming/CloudServiceStore/CloudServiceStore.Application/Features/Tickets/Commands/AddMessage/AddTicketMessageCommandHandler.cs
FN:18,System.Void CloudServiceStore.Application.Features.Tickets.Commands.AddMessage.AddTicketMessageCommandHandler::.ctor(CloudServiceStore.Domain.Interfaces.IUnitOfWork,CloudServiceStore.Domain.Interfaces.IRepository`1<CloudServiceStore.Domain.Entities.SupportTicket>,CloudServiceStore.Application.Interfaces.ICurrentUserService)
FNDA:3,System.Void CloudServiceStore.Application.Features.Tickets.Commands.AddMessage.AddTicketMessageCommandHandler::.ctor(CloudServiceStore.Domain.Interfaces.IUnitOfWork,CloudServiceStore.Domain.Interfaces.IRepository`1<CloudServiceStore.Domain.Entities.SupportTicket>,CloudServiceStore.Application.Interfaces.ICurrentUserService)
DA:19,3
DA:20,3
DA:21,3
DA:22,3
DA:23,3
DA:24,3
DA:25,3
DA:26,3
DA:27,3
FN:29,System.Void CloudServiceStore.Application.Features.Tickets.Commands.AddMessage.AddTicketMessageCommandHandler/<Handle>d__4::MoveNext()
FNDA:3,System.Void CloudServiceStore.Application.Features.Tickets.Commands.AddMessage.AddTicketMessageCommandHandler/<Handle>d__4::MoveNext()
DA:30,3
DA:31,3
DA:33,3
DA:34,3
DA:36,2
DA:37,1
DA:39,1
DA:40,1
BRDA:31,54,0,0
BRDA:31,54,1,3
BRDA:33,224,0,1
BRDA:33,224,1,2
LF:17
LH:17
BRF:4
BRH:3
FNF:2
FNH:2
end_of_record
SF:/home/object-oriented-software-programming/CloudServiceStore/CloudServiceStore.Application/Features/Testimonials/Queries/GetTestimonials/GetTestimonialsQueryHandler.cs
FN:15,System.Void CloudServiceStore.Application.Features.Testimonials.Queries.GetTestimonials.GetTestimonialsQueryHandler::.ctor(CloudServiceStore.Domain.Interfaces.IRepository`1<CloudServiceStore.Domain.Entities.Review>)
FNDA:0,System.Void CloudServiceStore.Application.Features.Testimonials.Queries.GetTestimonials.GetTestimonialsQueryHandler::.ctor(CloudServiceStore.Domain.Interfaces.IRepository`1<CloudServiceStore.Domain.Entities.Review>)
DA:16,0
DA:17,0
DA:18,0
DA:19,0
FN:24,CloudServiceStore.Application.DTOs.TestimonialDto CloudServiceStore.Application.Features.Testimonials.Queries.GetTestimonials.GetTestimonialsQueryHandler/<>c::<Handle>b__2_0(CloudServiceStore.Domain.Entities.Review)
FNDA:0,CloudServiceStore.Application.DTOs.TestimonialDto CloudServiceStore.Application.Features.Testimonials.Queries.GetTestimonials.GetTestimonialsQueryHandler/<>c::<Handle>b__2_0(CloudServiceStore.Domain.Entities.Review)
DA:25,0
DA:26,0
DA:27,0
DA:28,0
DA:29,0
DA:30,0
DA:31,0
DA:32,0
DA:33,0
BRDA:25,39,0,0
BRDA:25,39,1,0
BRDA:25,51,0,0
BRDA:25,51,1,0
FN:21,System.Void CloudServiceStore.Application.Features.Testimonials.Queries.GetTestimonials.GetTestimonialsQueryHandler/<Handle>d__2::MoveNext()
FNDA:0,System.Void CloudServiceStore.Application.Features.Testimonials.Queries.GetTestimonials.GetTestimonialsQueryHandler/<Handle>d__2::MoveNext()
DA:22,0
DA:23,0
DA:34,0
LF:16
LH:0
BRF:4
BRH:0
FNF:3
FNH:0
end_of_record
SF:/home/object-oriented-software-programming/CloudServiceStore/CloudServiceStore.Application/Features/Testimonials/Commands/FeatureTestimonial/FeatureTestimonialCommand.cs
FN:7,System.Guid CloudServiceStore.Application.Features.Testimonials.Commands.FeatureTestimonial.FeatureTestimonialCommand::get_ReviewId()
FNDA:7,System.Guid CloudServiceStore.Application.Features.Testimonials.Commands.FeatureTestimonial.FeatureTestimonialCommand::get_ReviewId()
DA:8,7
FN:8,System.Boolean CloudServiceStore.Application.Features.Testimonials.Commands.FeatureTestimonial.FeatureTestimonialCommand::get_IsFeatured()
FNDA:5,System.Boolean CloudServiceStore.Application.Features.Testimonials.Commands.FeatureTestimonial.FeatureTestimonialCommand::get_IsFeatured()
DA:9,5
LF:2
LH:2
BRF:0
BRH:0
FNF:2
FNH:2
end_of_record
SF:/home/object-oriented-software-programming/CloudServiceStore/CloudServiceStore.Application/Features/Testimonials/Commands/FeatureTestimonial/FeatureTestimonialCommandHandler.cs
FN:14,System.Void CloudServiceStore.Application.Features.Testimonials.Commands.FeatureTestimonial.FeatureTestimonialCommandHandler::.ctor(CloudServiceStore.Domain.Interfaces.IRepository`1<CloudServiceStore.Domain.Entities.Review>,CloudServiceStore.Domain.Interfaces.IUnitOfWork)
FNDA:3,System.Void CloudServiceStore.Application.Features.Testimonials.Commands.FeatureTestimonial.FeatureTestimonialCommandHandler::.ctor(CloudServiceStore.Domain.Interfaces.IRepository`1<CloudServiceStore.Domain.Entities.Review>,CloudServiceStore.Domain.Interfaces.IUnitOfWork)
DA:15,3
DA:16,3
DA:17,3
DA:18,3
DA:19,3
FN:21,System.Void CloudServiceStore.Application.Features.Testimonials.Commands.FeatureTestimonial.FeatureTestimonialCommandHandler/<Handle>d__3::MoveNext()
FNDA:3,System.Void CloudServiceStore.Application.Features.Testimonials.Commands.FeatureTestimonial.FeatureTestimonialCommandHandler/<Handle>d__3::MoveNext()
DA:22,3
DA:23,3
DA:24,4
DA:26,2
DA:27,1
DA:28,1
DA:31,1
DA:32,1
DA:33,1
DA:35,1
DA:36,1
BRDA:24,194,0,1
BRDA:24,194,1,2
BRDA:26,234,0,1
BRDA:26,234,1,1
BRDA:26,254,0,1
BRDA:26,254,1,1
LF:16
LH:16
BRF:6
BRH:6
FNF:2
FNH:2
end_of_record
SF:/home/object-oriented-software-programming/CloudServiceStore/CloudServiceStore.Application/Features/SystemSettings/Queries/GetSettingByKey/GetSettingByKeyQuery.cs
FN:4,System.String CloudServiceStore.Application.Features.SystemSettings.Queries.GetSettingByKey.GetSettingByKeyQuery::get_Key()
FNDA:0,System.String CloudServiceStore.Application.Features.SystemSettings.Queries.GetSettingByKey.GetSettingByKeyQuery::get_Key()
DA:5,0
LF:1
LH:0
BRF:0
BRH:0
FNF:1
FNH:0
end_of_record
SF:/home/object-oriented-software-programming/CloudServiceStore/CloudServiceStore.Application/Features/SystemSettings/Queries/GetSettingByKey/GetSettingByKeyQueryHandler.cs
FN:12,System.Void CloudServiceStore.Application.Features.SystemSettings.Queries.GetSettingByKey.GetSettingByKeyQueryHandler::.ctor(CloudServiceStore.Domain.Interfaces.IRepository`1<CloudServiceStore.Domain.Entities.SystemSetting>)
FNDA:0,System.Void CloudServiceStore.Application.Features.SystemSettings.Queries.GetSettingByKey.GetSettingByKeyQueryHandler::.ctor(CloudServiceStore.Domain.Interfaces.IRepository`1<CloudServiceStore.Domain.Entities.SystemSetting>)
DA:13,0
FN:15,System.Void CloudServiceStore.Application.Features.SystemSettings.Queries.GetSettingByKey.GetSettingByKeyQueryHandler/<Handle>d__2::MoveNext()
FNDA:0,System.Void CloudServiceStore.Application.Features.SystemSettings.Queries.GetSettingByKey.GetSettingByKeyQueryHandler/<Handle>d__2::MoveNext()
DA:16,0
DA:17,0
DA:18,0
DA:19,0
BRDA:18,313,0,0
BRDA:18,313,1,0
LF:5
LH:0
BRF:2
BRH:0
FNF:2
FNH:0
end_of_record
SF:/home/object-oriented-software-programming/CloudServiceStore/CloudServiceStore.Application/Features/SystemSettings/Queries/GetAllSettings/GetAllSettingsQuery.cs
FN:5,System.String CloudServiceStore.Application.Features.SystemSettings.Queries.GetAllSettings.SettingDto::get_Key()
FNDA:0,System.String CloudServiceStore.Application.Features.SystemSettings.Queries.GetAllSettings.SettingDto::get_Key()
DA:6,0
FN:7,System.Void CloudServiceStore.Application.Features.SystemSettings.Queries.GetAllSettings.GetAllSettingsQuery::.ctor()
FNDA:0,System.Void CloudServiceStore.Application.Features.SystemSettings.Queries.GetAllSettings.GetAllSettingsQuery::.ctor()
DA:8,0
LF:2
LH:0
BRF:0
BRH:0
FNF:2
FNH:0
end_of_record
SF:/home/object-oriented-software-programming/CloudServiceStore/CloudServiceStore.Application/Features/SystemSettings/Queries/GetAllSettings/GetAllSettingsQueryHandler.cs
FN:14,System.Void CloudServiceStore.Application.Features.SystemSettings.Queries.GetAllSettings.GetAllSettingsQueryHandler::.ctor(CloudServiceStore.Domain.Interfaces.IRepository`1<CloudServiceStore.Domain.Entities.SystemSetting>)
FNDA:0,System.Void CloudServiceStore.Application.Features.SystemSettings.Queries.GetAllSettings.GetAllSettingsQueryHandler::.ctor(CloudServiceStore.Domain.Interfaces.IRepository`1<CloudServiceStore.Domain.Entities.SystemSetting>)
DA:15,0
FN:19,CloudServiceStore.Application.Features.SystemSettings.Queries.GetAllSettings.SettingDto CloudServiceStore.Application.Features.SystemSettings.Queries.GetAllSettings.GetAllSettingsQueryHandler/<>c::<Handle>b__2_0(CloudServiceStore.Domain.Entities.SystemSetting)
FNDA:0,CloudServiceStore.Application.Features.SystemSettings.Queries.GetAllSettings.SettingDto CloudServiceStore.Application.Features.SystemSettings.Queries.GetAllSettings.GetAllSettingsQueryHandler/<>c::<Handle>b__2_0(CloudServiceStore.Domain.Entities.SystemSetting)
DA:20,0
FN:17,System.Void CloudServiceStore.Application.Features.SystemSettings.Queries.GetAllSettings.GetAllSettingsQueryHandler/<Handle>d__2::MoveNext()
FNDA:0,System.Void CloudServiceStore.Application.Features.SystemSettings.Queries.GetAllSettings.GetAllSettingsQueryHandler/<Handle>d__2::MoveNext()
DA:18,0
DA:19,0
DA:21,0
LF:5
LH:0
BRF:0
BRH:0
FNF:3
FNH:0
end_of_record
SF:/home/object-oriented-software-programming/CloudServiceStore/CloudServiceStore.Application/Features/SystemSettings/Commands/UpdateSetting/UpdateSettingCommand.cs
FN:6,System.String CloudServiceStore.Application.Features.SystemSettings.Commands.UpdateSetting.UpdateSettingCommand::get_Key()
FNDA:8,System.String CloudServiceStore.Application.Features.SystemSettings.Commands.UpdateSetting.UpdateSettingCommand::get_Key()
DA:7,8
FN:10,System.Void CloudServiceStore.Application.Features.SystemSettings.Commands.UpdateSetting.UpdateSettingCommandValidator::.ctor()
FNDA:0,System.Void CloudServiceStore.Application.Features.SystemSettings.Commands.UpdateSetting.UpdateSettingCommandValidator::.ctor()
DA:11,0
DA:12,0
DA:13,0
DA:14,0
DA:15,0
LF:6
LH:1
BRF:0
BRH:0
FNF:2
FNH:1
end_of_record
SF:/home/object-oriented-software-programming/CloudServiceStore/CloudServiceStore.Application/Features/SystemSettings/Commands/UpdateSetting/UpdateSettingCommandHandler.cs
FN:14,System.Void CloudServiceStore.Application.Features.SystemSettings.Commands.UpdateSetting.UpdateSettingCommandHandler::.ctor(CloudServiceStore.Domain.Interfaces.IUnitOfWork,CloudServiceStore.Domain.Interfaces.IRepository`1<CloudServiceStore.Domain.Entities.SystemSetting>)
FNDA:2,System.Void CloudServiceStore.Application.Features.SystemSettings.Commands.UpdateSetting.UpdateSettingCommandHandler::.ctor(CloudServiceStore.Domain.Interfaces.IUnitOfWork,CloudServiceStore.Domain.Interfaces.IRepository`1<CloudServiceStore.Domain.Entities.SystemSetting>)
DA:15,2
DA:16,2
DA:17,2
DA:18,2
DA:19,2
FN:21,System.Void CloudServiceStore.Application.Features.SystemSettings.Commands.UpdateSetting.UpdateSettingCommandHandler/<Handle>d__3::MoveNext()
FNDA:2,System.Void CloudServiceStore.Application.Features.SystemSettings.Commands.UpdateSetting.UpdateSettingCommandHandler/<Handle>d__3::MoveNext()
DA:22,2
DA:23,2
DA:25,2
DA:26,1
DA:27,1
DA:28,1
DA:29,1
DA:30,1
DA:31,1
DA:32,1
DA:33,1
DA:34,1
DA:35,1
DA:37,1
DA:38,1
DA:39,1
DA:40,1
DA:41,1
DA:42,1
DA:44,2
DA:45,2
BRDA:25,346,0,1
BRDA:25,346,1,1
BRDA:39,620,0,1
BRDA:39,620,1,1
LF:26
LH:26
BRF:4
BRH:4
FNF:2
FNH:2
end_of_record
SF:/home/object-oriented-software-programming/CloudServiceStore/CloudServiceStore.Application/Features/Ssl/Queries/GetSslCertificateById/GetSslCertificateByIdQuery.cs
FN:5,System.Guid CloudServiceStore.Application.Features.Ssl.Queries.GetSslCertificateById.GetSslCertificateByIdQuery::get_Id()
FNDA:6,System.Guid CloudServiceStore.Application.Features.Ssl.Queries.GetSslCertificateById.GetSslCertificateByIdQuery::get_Id()
DA:6,6
LF:1
LH:1
BRF:0
BRH:0
FNF:1
FNH:1
end_of_record
SF:/home/object-oriented-software-programming/CloudServiceStore/CloudServiceStore.Application/Features/Ssl/Queries/GetSslCertificateById/GetSslCertificateByIdQueryHandler.cs
FN:17,System.Void CloudServiceStore.Application.Features.Ssl.Queries.GetSslCertificateById.GetSslCertificateByIdQueryHandler::.ctor(CloudServiceStore.Domain.Interfaces.IRepository`1<CloudServiceStore.Domain.Entities.SslCertificate>,CloudServiceStore.Domain.Interfaces.IRepository`1<CloudServiceStore.Domain.Entities.DomainRecord>,CloudServiceStore.Application.Interfaces.ICurrentUserService)
FNDA:3,System.Void CloudServiceStore.Application.Features.Ssl.Queries.GetSslCertificateById.GetSslCertificateByIdQueryHandler::.ctor(CloudServiceStore.Domain.Interfaces.IRepository`1<CloudServiceStore.Domain.Entities.SslCertificate>,CloudServiceStore.Domain.Interfaces.IRepository`1<CloudServiceStore.Domain.Entities.DomainRecord>,CloudServiceStore.Application.Interfaces.ICurrentUserService)
DA:18,3
DA:19,15
FN:21,System.Void CloudServiceStore.Application.Features.Ssl.Queries.GetSslCertificateById.GetSslCertificateByIdQueryHandler/<Handle>d__4::MoveNext()
FNDA:3,System.Void CloudServiceStore.Application.Features.Ssl.Queries.GetSslCertificateById.GetSslCertificateByIdQueryHandler/<Handle>d__4::MoveNext()
DA:22,3
DA:23,3
DA:25,3
DA:26,3
DA:28,2
DA:29,2
DA:30,1
DA:32,1
DA:33,1
BRDA:23,54,0,0
BRDA:23,54,1,3
BRDA:25,224,0,1
BRDA:25,224,1,2
BRDA:29,418,0,2
BRDA:29,418,1,0
BRDA:29,449,0,1
BRDA:29,449,1,1
LF:11
LH:11
BRF:8
BRH:6
FNF:2
FNH:2
end_of_record
SF:/home/object-oriented-software-programming/CloudServiceStore/CloudServiceStore.Application/Features/Ssl/Queries/GetMySslCertificates/GetMySslCertificatesQueryHandler.cs
FN:17,System.Void CloudServiceStore.Application.Features.Ssl.Queries.GetMySslCertificates.GetMySslCertificatesQueryHandler::.ctor(CloudServiceStore.Domain.Interfaces.IRepository`1<CloudServiceStore.Domain.Entities.SslCertificate>,CloudServiceStore.Application.Interfaces.ICurrentUserService)
FNDA:2,System.Void CloudServiceStore.Application.Features.Ssl.Queries.GetMySslCertificates.GetMySslCertificatesQueryHandler::.ctor(CloudServiceStore.Domain.Interfaces.IRepository`1<CloudServiceStore.Domain.Entities.SslCertificate>,CloudServiceStore.Application.Interfaces.ICurrentUserService)
DA:18,2
DA:19,8
FN:21,System.Void CloudServiceStore.Application.Features.Ssl.Queries.GetMySslCertificates.GetMySslCertificatesQueryHandler/<Handle>d__3::MoveNext()
FNDA:2,System.Void CloudServiceStore.Application.Features.Ssl.Queries.GetMySslCertificates.GetMySslCertificatesQueryHandler/<Handle>d__3::MoveNext()
DA:22,2
DA:23,2
DA:27,1
DA:28,1
BRDA:23,59,0,1
BRDA:23,59,1,1
LF:6
LH:6
BRF:2
BRH:2
FNF:2
FNH:2
end_of_record
SF:/home/object-oriented-software-programming/CloudServiceStore/CloudServiceStore.Application/Features/Ssl/Commands/RequestSslCertificate/RequestSslCertificateCommand.cs
FN:4,System.Guid CloudServiceStore.Application.Features.Ssl.Commands.RequestSslCertificate.RequestSslCertificateCommand::get_DomainId()
FNDA:8,System.Guid CloudServiceStore.Application.Features.Ssl.Commands.RequestSslCertificate.RequestSslCertificateCommand::get_DomainId()
DA:5,8
LF:1
LH:1
BRF:0
BRH:0
FNF:1
FNH:1
end_of_record
SF:/home/object-oriented-software-programming/CloudServiceStore/CloudServiceStore.Application/Features/Ssl/Commands/RequestSslCertificate/RequestSslCertificateCommandHandler.cs
FN:18,System.Void CloudServiceStore.Application.Features.Ssl.Commands.RequestSslCertificate.RequestSslCertificateCommandHandler::.ctor(CloudServiceStore.Domain.Interfaces.IUnitOfWork,CloudServiceStore.Domain.Interfaces.IRepository`1<CloudServiceStore.Domain.Entities.DomainRecord>,CloudServiceStore.Domain.Interfaces.IRepository`1<CloudServiceStore.Domain.Entities.SslCertificate>,CloudServiceStore.Application.Interfaces.ICurrentUserService)
FNDA:3,System.Void CloudServiceStore.Application.Features.Ssl.Commands.RequestSslCertificate.RequestSslCertificateCommandHandler::.ctor(CloudServiceStore.Domain.Interfaces.IUnitOfWork,CloudServiceStore.Domain.Interfaces.IRepository`1<CloudServiceStore.Domain.Entities.DomainRecord>,CloudServiceStore.Domain.Interfaces.IRepository`1<CloudServiceStore.Domain.Entities.SslCertificate>,CloudServiceStore.Application.Interfaces.ICurrentUserService)
DA:19,3
DA:20,18
FN:22,System.Void CloudServiceStore.Application.Features.Ssl.Commands.RequestSslCertificate.RequestSslCertificateCommandHandler/<Handle>d__5::MoveNext()
FNDA:3,System.Void CloudServiceStore.Application.Features.Ssl.Commands.RequestSslCertificate.RequestSslCertificateCommandHandler/<Handle>d__5::MoveNext()
DA:23,3
DA:24,3
DA:26,3
DA:27,3
DA:29,2
DA:30,1
DA:32,1
DA:33,1
DA:34,1
DA:35,1
DA:36,1
DA:37,1
DA:39,1
DA:40,1
DA:42,1
DA:43,1
BRDA:24,68,0,0
BRDA:24,68,1,3
BRDA:26,238,0,1
BRDA:26,238,1,2
BRDA:29,290,0,1
BRDA:29,290,1,1
LF:18
LH:18
BRF:6
BRH:5
FNF:2
FNH:2
end_of_record
SF:/home/object-oriented-software-programming/CloudServiceStore/CloudServiceStore.Application/Features/ServicePlans/Queries/GetServicePlansWithCurrency/GetServicePlansWithCurrencyQuery.cs
FN:8,System.String CloudServiceStore.Application.Features.ServicePlans.Queries.GetServicePlansWithCurrency.GetServicePlansWithCurrencyQuery::get_Currency()
FNDA:12,System.String CloudServiceStore.Application.Features.ServicePlans.Queries.GetServicePlansWithCurrency.GetServicePlansWithCurrencyQuery::get_Currency()
DA:9,12
LF:1
LH:1
BRF:0
BRH:0
FNF:1
FNH:1
end_of_record
SF:/home/object-oriented-software-programming/CloudServiceStore/CloudServiceStore.Application/Features/ServicePlans/Queries/GetServicePlansWithCurrency/GetServicePlansWithCurrencyQueryHandler.cs
FN:19,System.Void CloudServiceStore.Application.Features.ServicePlans.Queries.GetServicePlansWithCurrency.GetServicePlansWithCurrencyQueryHandler::.ctor(CloudServiceStore.Domain.Interfaces.IRepository`1<CloudServiceStore.Domain.Entities.PlanPrice>,CloudServiceStore.Domain.Interfaces.IRepository`1<CloudServiceStore.Domain.Entities.ExchangeRate>,CloudServiceStore.Domain.Interfaces.IRepository`1<CloudServiceStore.Domain.Entities.ServicePlan>)
FNDA:4,System.Void CloudServiceStore.Application.Features.ServicePlans.Queries.GetServicePlansWithCurrency.GetServicePlansWithCurrencyQueryHandler::.ctor(CloudServiceStore.Domain.Interfaces.IRepository`1<CloudServiceStore.Domain.Entities.PlanPrice>,CloudServiceStore.Domain.Interfaces.IRepository`1<CloudServiceStore.Domain.Entities.ExchangeRate>,CloudServiceStore.Domain.Interfaces.IRepository`1<CloudServiceStore.Domain.Entities.ServicePlan>)
DA:20,4
DA:21,4
DA:22,4
DA:23,4
DA:24,4
DA:25,4
DA:26,4
DA:27,4
DA:28,4
FN:37,System.Boolean CloudServiceStore.Application.Features.ServicePlans.Queries.GetServicePlansWithCurrency.GetServicePlansWithCurrencyQueryHandler/<>c::<Handle>b__4_0(CloudServiceStore.Domain.Entities.PlanPrice)
FNDA:10,System.Boolean CloudServiceStore.Application.Features.ServicePlans.Queries.GetServicePlansWithCurrency.GetServicePlansWithCurrencyQueryHandler/<>c::<Handle>b__4_0(CloudServiceStore.Domain.Entities.PlanPrice)
DA:38,10
FN:48,CloudServiceStore.Application.DTOs.ServicePlanPriceDto CloudServiceStore.Application.Features.ServicePlans.Queries.GetServicePlansWithCurrency.GetServicePlansWithCurrencyQueryHandler/<>c__DisplayClass4_0::<Handle>b__1(CloudServiceStore.Domain.Entities.PlanPrice)
FNDA:6,CloudServiceStore.Application.DTOs.ServicePlanPriceDto CloudServiceStore.Application.Features.ServicePlans.Queries.GetServicePlansWithCurrency.GetServicePlansWithCurrencyQueryHandler/<>c__DisplayClass4_0::<Handle>b__1(CloudServiceStore.Domain.Entities.PlanPrice)
DA:49,6
DA:50,6
DA:52,6
DA:53,6
DA:54,6
DA:55,6
DA:56,6
DA:57,6
DA:58,6
DA:59,6
DA:60,10
BRDA:50,13,0,4
BRDA:50,13,1,2
BRDA:52,78,0,6
BRDA:52,78,1,0
BRDA:52,90,0,6
BRDA:52,90,1,0
FN:32,System.Void CloudServiceStore.Application.Features.ServicePlans.Queries.GetServicePlansWithCurrency.GetServicePlansWithCurrencyQueryHandler/<Handle>d__4::MoveNext()
FNDA:4,System.Void CloudServiceStore.Application.Features.ServicePlans.Queries.GetServicePlansWithCurrency.GetServicePlansWithCurrencyQueryHandler/<Handle>d__4::MoveNext()
DA:33,4
DA:34,4
DA:37,4
DA:40,4
DA:41,4
DA:42,2
DA:43,2
DA:44,2
DA:45,2
DA:46,2
DA:48,4
DA:51,4
DA:62,4
DA:63,4
BRDA:34,58,0,0
BRDA:34,58,1,4
BRDA:41,302,0,2
BRDA:41,302,1,4
LF:35
LH:35
BRF:10
BRH:7
FNF:4
FNH:4
end_of_record
SF:/home/object-oriented-software-programming/CloudServiceStore/CloudServiceStore.Application/Features/ServicePlans/Commands/Create/CreateServicePlanCommand.cs
FN:7,System.Guid CloudServiceStore.Application.Features.ServicePlans.Commands.Create.CreateServicePlanCommand::get_CategoryId()
FNDA:1,System.Guid CloudServiceStore.Application.Features.ServicePlans.Commands.Create.CreateServicePlanCommand::get_CategoryId()
DA:8,1
FN:8,System.String CloudServiceStore.Application.Features.ServicePlans.Commands.Create.CreateServicePlanCommand::get_Name()
FNDA:1,System.String CloudServiceStore.Application.Features.ServicePlans.Commands.Create.CreateServicePlanCommand::get_Name()
DA:9,1
FN:9,System.String CloudServiceStore.Application.Features.ServicePlans.Commands.Create.CreateServicePlanCommand::get_Cpu()
FNDA:1,System.String CloudServiceStore.Application.Features.ServicePlans.Commands.Create.CreateServicePlanCommand::get_Cpu()
DA:10,1
FN:10,System.String CloudServiceStore.Application.Features.ServicePlans.Commands.Create.CreateServicePlanCommand::get_Ram()
FNDA:1,System.String CloudServiceStore.Application.Features.ServicePlans.Commands.Create.CreateServicePlanCommand::get_Ram()
DA:11,1
FN:11,System.String CloudServiceStore.Application.Features.ServicePlans.Commands.Create.CreateServicePlanCommand::get_Ssd()
FNDA:1,System.String CloudServiceStore.Application.Features.ServicePlans.Commands.Create.CreateServicePlanCommand::get_Ssd()
DA:12,1
FN:12,System.String CloudServiceStore.Application.Features.ServicePlans.Commands.Create.CreateServicePlanCommand::get_Bandwidth()
FNDA:1,System.String CloudServiceStore.Application.Features.ServicePlans.Commands.Create.CreateServicePlanCommand::get_Bandwidth()
DA:13,1
FN:13,System.Boolean CloudServiceStore.Application.Features.ServicePlans.Commands.Create.CreateServicePlanCommand::get_IsActive()
FNDA:3,System.Boolean CloudServiceStore.Application.Features.ServicePlans.Commands.Create.CreateServicePlanCommand::get_IsActive()
DA:14,3
FN:6,System.Void CloudServiceStore.Application.Features.ServicePlans.Commands.Create.CreateServicePlanCommand::.ctor(System.Guid,System.String,System.String,System.String,System.String,System.String,System.Boolean)
FNDA:2,System.Void CloudServiceStore.Application.Features.ServicePlans.Commands.Create.CreateServicePlanCommand::.ctor(System.Guid,System.String,System.String,System.String,System.String,System.String,System.Boolean)
DA:7,2
FN:17,System.Void CloudServiceStore.Application.Features.ServicePlans.Commands.Create.CreateServicePlanCommandValidator::.ctor()
FNDA:0,System.Void CloudServiceStore.Application.Features.ServicePlans.Commands.Create.CreateServicePlanCommandValidator::.ctor()
DA:18,0
DA:19,0
DA:20,0
DA:21,0
DA:22,0
LF:13
LH:8
BRF:0
BRH:0
FNF:9
FNH:8
end_of_record
SF:/home/object-oriented-software-programming/CloudServiceStore/CloudServiceStore.Application/Features/ServicePlans/Commands/Create/CreateServicePlanCommandHandler.cs
FN:19,System.Void CloudServiceStore.Application.Features.ServicePlans.Commands.Create.CreateServicePlanCommandHandler::.ctor(CloudServiceStore.Domain.Interfaces.IUnitOfWork,CloudServiceStore.Domain.Interfaces.IRepository`1<CloudServiceStore.Domain.Entities.ServicePlan>,CloudServiceStore.Domain.Interfaces.IRepository`1<CloudServiceStore.Domain.Entities.ServiceCategory>,CloudServiceStore.Application.Interfaces.IQrCodeGeneratorFactory)
FNDA:2,System.Void CloudServiceStore.Application.Features.ServicePlans.Commands.Create.CreateServicePlanCommandHandler::.ctor(CloudServiceStore.Domain.Interfaces.IUnitOfWork,CloudServiceStore.Domain.Interfaces.IRepository`1<CloudServiceStore.Domain.Entities.ServicePlan>,CloudServiceStore.Domain.Interfaces.IRepository`1<CloudServiceStore.Domain.Entities.ServiceCategory>,CloudServiceStore.Application.Interfaces.IQrCodeGeneratorFactory)
DA:20,2
DA:21,2
DA:22,2
DA:23,2
DA:24,2
DA:25,2
DA:26,2
DA:27,2
DA:28,2
DA:29,2
DA:30,2
FN:32,System.Void CloudServiceStore.Application.Features.ServicePlans.Commands.Create.CreateServicePlanCommandHandler/<Handle>d__5::MoveNext()
FNDA:2,System.Void CloudServiceStore.Application.Features.ServicePlans.Commands.Create.CreateServicePlanCommandHandler/<Handle>d__5::MoveNext()
DA:33,2
DA:34,2
DA:35,2
DA:36,1
DA:44,1
DA:45,1
DA:46,1
DA:48,1
DA:50,1
DA:51,1
DA:53,1
DA:54,0
DA:55,0
DA:56,0
DA:58,1
DA:59,1
DA:60,1
DA:61,1
BRDA:35,348,0,1
BRDA:35,348,1,1
BRDA:53,621,0,0
BRDA:53,621,1,1
LF:29
LH:26
BRF:4
BRH:3
FNF:2
FNH:2
end_of_record
SF:/home/object-oriented-software-programming/CloudServiceStore/CloudServiceStore.Application/Features/SEO/Queries/GetSitemap/GetSitemapQuery.cs
FN:4,System.String CloudServiceStore.Application.Features.SEO.Queries.GetSitemap.GetSitemapQuery::get_BaseUrl()
FNDA:6,System.String CloudServiceStore.Application.Features.SEO.Queries.GetSitemap.GetSitemapQuery::get_BaseUrl()
DA:5,6
LF:1
LH:1
BRF:0
BRH:0
FNF:1
FNH:1
end_of_record
SF:/home/object-oriented-software-programming/CloudServiceStore/CloudServiceStore.Application/Features/SEO/Queries/GetSitemap/GetSitemapQueryHandler.cs
FN:51,System.String CloudServiceStore.Application.Features.SEO.Queries.GetSitemap.GetSitemapQueryHandler::BuildUrlNode(System.String,System.String,System.String,System.String)
FNDA:5,System.String CloudServiceStore.Application.Features.SEO.Queries.GetSitemap.GetSitemapQueryHandler::BuildUrlNode(System.String,System.String,System.String,System.String)
DA:52,5
DA:53,5
DA:54,5
DA:55,5
DA:56,5
DA:57,5
DA:58,5
DA:59,5
DA:60,5
FN:15,System.Void CloudServiceStore.Application.Features.SEO.Queries.GetSitemap.GetSitemapQueryHandler::.ctor(CloudServiceStore.Domain.Interfaces.IRepository`1<CloudServiceStore.Domain.Entities.ServicePlan>,CloudServiceStore.Domain.Interfaces.IRepository`1<CloudServiceStore.Domain.Entities.KnowledgeBaseArticle>)
FNDA:1,System.Void CloudServiceStore.Application.Features.SEO.Queries.GetSitemap.GetSitemapQueryHandler::.ctor(CloudServiceStore.Domain.Interfaces.IRepository`1<CloudServiceStore.Domain.Entities.ServicePlan>,CloudServiceStore.Domain.Interfaces.IRepository`1<CloudServiceStore.Domain.Entities.KnowledgeBaseArticle>)
DA:16,1
DA:17,1
DA:18,1
DA:19,1
DA:20,1
FN:22,System.Void CloudServiceStore.Application.Features.SEO.Queries.GetSitemap.GetSitemapQueryHandler/<Handle>d__3::MoveNext()
FNDA:1,System.Void CloudServiceStore.Application.Features.SEO.Queries.GetSitemap.GetSitemapQueryHandler/<Handle>d__3::MoveNext()
DA:23,1
DA:24,1
DA:25,1
DA:26,1
DA:29,1
DA:30,1
DA:31,1
DA:34,1
DA:35,5
DA:36,1
DA:37,1
DA:38,1
DA:41,1
DA:42,5
DA:43,1
DA:44,1
DA:45,1
DA:47,1
DA:48,1
DA:49,1
BRDA:35,565,1,1
BRDA:35,565,0,1
BRDA:42,923,1,1
BRDA:42,923,0,1
LF:34
LH:34
BRF:4
BRH:4
FNF:3
FNH:3
end_of_record
SF:/home/object-oriented-software-programming/CloudServiceStore/CloudServiceStore.Application/Features/Security/Queries/GetMySessions/GetMySessionsQuery.cs
FN:6,System.Guid CloudServiceStore.Application.Features.Security.Queries.GetMySessions.SessionDto::get_Id()
FNDA:0,System.Guid CloudServiceStore.Application.Features.Security.Queries.GetMySessions.SessionDto::get_Id()
DA:7,0
FN:8,System.Void CloudServiceStore.Application.Features.Security.Queries.GetMySessions.GetMySessionsQuery::.ctor()
FNDA:0,System.Void CloudServiceStore.Application.Features.Security.Queries.GetMySessions.GetMySessionsQuery::.ctor()
DA:9,0
LF:2
LH:0
BRF:0
BRH:0
FNF:2
FNH:0
end_of_record
SF:/home/object-oriented-software-programming/CloudServiceStore/CloudServiceStore.Application/Features/Security/Queries/GetMySessions/GetMySessionsQueryHandler.cs
FN:18,System.Void CloudServiceStore.Application.Features.Security.Queries.GetMySessions.GetMySessionsQueryHandler::.ctor(CloudServiceStore.Domain.Interfaces.IRepository`1<CloudServiceStore.Domain.Entities.UserSession>,CloudServiceStore.Application.Interfaces.ICurrentUserService)
FNDA:0,System.Void CloudServiceStore.Application.Features.Security.Queries.GetMySessions.GetMySessionsQueryHandler::.ctor(CloudServiceStore.Domain.Interfaces.IRepository`1<CloudServiceStore.Domain.Entities.UserSession>,CloudServiceStore.Application.Interfaces.ICurrentUserService)
DA:19,0
DA:20,0
DA:21,0
DA:22,0
DA:23,0
FN:30,CloudServiceStore.Application.Features.Security.Queries.GetMySessions.SessionDto CloudServiceStore.Application.Features.Security.Queries.GetMySessions.GetMySessionsQueryHandler/<>c::<Handle>b__3_0(CloudServiceStore.Domain.Entities.UserSession)
FNDA:0,CloudServiceStore.Application.Features.Security.Queries.GetMySessions.SessionDto CloudServiceStore.Application.Features.Security.Queries.GetMySessions.GetMySessionsQueryHandler/<>c::<Handle>b__3_0(CloudServiceStore.Domain.Entities.UserSession)
DA:31,0
DA:32,0
DA:33,0
FN:25,System.Void CloudServiceStore.Application.Features.Security.Queries.GetMySessions.GetMySessionsQueryHandler/<Handle>d__3::MoveNext()
FNDA:0,System.Void CloudServiceStore.Application.Features.Security.Queries.GetMySessions.GetMySessionsQueryHandler/<Handle>d__3::MoveNext()
DA:26,0
DA:27,0
DA:29,0
DA:34,0
BRDA:27,59,0,0
BRDA:27,59,1,0
LF:12
LH:0
BRF:2
BRH:0
FNF:3
FNH:0
end_of_record
SF:/home/object-oriented-software-programming/CloudServiceStore/CloudServiceStore.Application/Features/Security/Queries/GetLoginHistory/GetLoginHistoryQuery.cs
FN:6,System.Guid CloudServiceStore.Application.Features.Security.Queries.GetLoginHistory.LoginHistoryDto::get_Id()
FNDA:2,System.Guid CloudServiceStore.Application.Features.Security.Queries.GetLoginHistory.LoginHistoryDto::get_Id()
DA:7,2
FN:8,System.Void CloudServiceStore.Application.Features.Security.Queries.GetLoginHistory.GetLoginHistoryQuery::.ctor()
FNDA:2,System.Void CloudServiceStore.Application.Features.Security.Queries.GetLoginHistory.GetLoginHistoryQuery::.ctor()
DA:9,2
LF:2
LH:2
BRF:0
BRH:0
FNF:2
FNH:2
end_of_record
SF:/home/object-oriented-software-programming/CloudServiceStore/CloudServiceStore.Application/Features/Security/Queries/GetLoginHistory/GetLoginHistoryQueryHandler.cs
FN:18,System.Void CloudServiceStore.Application.Features.Security.Queries.GetLoginHistory.GetLoginHistoryQueryHandler::.ctor(CloudServiceStore.Domain.Interfaces.IRepository`1<CloudServiceStore.Domain.Entities.LoginHistory>,CloudServiceStore.Application.Interfaces.ICurrentUserService)
FNDA:2,System.Void CloudServiceStore.Application.Features.Security.Queries.GetLoginHistory.GetLoginHistoryQueryHandler::.ctor(CloudServiceStore.Domain.Interfaces.IRepository`1<CloudServiceStore.Domain.Entities.LoginHistory>,CloudServiceStore.Application.Interfaces.ICurrentUserService)
DA:19,2
DA:20,2
DA:21,2
DA:22,2
DA:23,2
FN:30,CloudServiceStore.Application.Features.Security.Queries.GetLoginHistory.LoginHistoryDto CloudServiceStore.Application.Features.Security.Queries.GetLoginHistory.GetLoginHistoryQueryHandler/<>c::<Handle>b__3_0(CloudServiceStore.Domain.Entities.LoginHistory)
FNDA:2,CloudServiceStore.Application.Features.Security.Queries.GetLoginHistory.LoginHistoryDto CloudServiceStore.Application.Features.Security.Queries.GetLoginHistory.GetLoginHistoryQueryHandler/<>c::<Handle>b__3_0(CloudServiceStore.Domain.Entities.LoginHistory)
DA:31,2
DA:32,2
DA:33,2
FN:25,System.Void CloudServiceStore.Application.Features.Security.Queries.GetLoginHistory.GetLoginHistoryQueryHandler/<Handle>d__3::MoveNext()
FNDA:2,System.Void CloudServiceStore.Application.Features.Security.Queries.GetLoginHistory.GetLoginHistoryQueryHandler/<Handle>d__3::MoveNext()
DA:26,2
DA:27,2
DA:29,1
DA:34,1
BRDA:27,59,0,1
BRDA:27,59,1,1
LF:12
LH:12
BRF:2
BRH:2
FNF:3
FNH:3
end_of_record
SF:/home/object-oriented-software-programming/CloudServiceStore/CloudServiceStore.Application/Features/Security/Commands/RevokeSession/RevokeSessionCommand.cs
FN:5,System.Guid CloudServiceStore.Application.Features.Security.Commands.RevokeSession.RevokeSessionCommand::get_SessionId()
FNDA:7,System.Guid CloudServiceStore.Application.Features.Security.Commands.RevokeSession.RevokeSessionCommand::get_SessionId()
DA:6,7
LF:1
LH:1
BRF:0
BRH:0
FNF:1
FNH:1
end_of_record
SF:/home/object-oriented-software-programming/CloudServiceStore/CloudServiceStore.Application/Features/Security/Commands/RevokeSession/RevokeSessionCommandHandler.cs
FN:17,System.Void CloudServiceStore.Application.Features.Security.Commands.RevokeSession.RevokeSessionCommandHandler::.ctor(CloudServiceStore.Domain.Interfaces.IUnitOfWork,CloudServiceStore.Domain.Interfaces.IRepository`1<CloudServiceStore.Domain.Entities.UserSession>,CloudServiceStore.Application.Interfaces.ICurrentUserService)
FNDA:3,System.Void CloudServiceStore.Application.Features.Security.Commands.RevokeSession.RevokeSessionCommandHandler::.ctor(CloudServiceStore.Domain.Interfaces.IUnitOfWork,CloudServiceStore.Domain.Interfaces.IRepository`1<CloudServiceStore.Domain.Entities.UserSession>,CloudServiceStore.Application.Interfaces.ICurrentUserService)
DA:18,3
DA:19,3
DA:20,3
DA:21,3
DA:22,3
DA:23,3
DA:24,3
DA:25,3
DA:26,3
FN:28,System.Void CloudServiceStore.Application.Features.Security.Commands.RevokeSession.RevokeSessionCommandHandler/<Handle>d__4::MoveNext()
FNDA:3,System.Void CloudServiceStore.Application.Features.Security.Commands.RevokeSession.RevokeSessionCommandHandler/<Handle>d__4::MoveNext()
DA:29,3
DA:30,3
DA:32,3
DA:33,3
DA:35,2
DA:36,1
DA:38,1
DA:39,1
DA:40,1
DA:41,1
BRDA:30,54,0,0
BRDA:30,54,1,3
BRDA:32,221,0,1
BRDA:32,221,1,2
BRDA:35,330,0,1
BRDA:35,330,1,1
LF:19
LH:19
BRF:6
BRH:5
FNF:2
FNH:2
end_of_record
SF:/home/object-oriented-software-programming/CloudServiceStore/CloudServiceStore.Application/Features/RefundRequests/Queries/GetMyRefundRequests/GetMyRefundRequestsQuery.cs
FN:6,System.Void CloudServiceStore.Application.Features.RefundRequests.Queries.GetMyRefundRequests.GetMyRefundRequestsQuery::.ctor()
FNDA:0,System.Void CloudServiceStore.Application.Features.RefundRequests.Queries.GetMyRefundRequests.GetMyRefundRequestsQuery::.ctor()
DA:7,0
LF:1
LH:0
BRF:0
BRH:0
FNF:1
FNH:0
end_of_record
SF:/home/object-oriented-software-programming/CloudServiceStore/CloudServiceStore.Application/Features/RefundRequests/Queries/GetMyRefundRequests/GetMyRefundRequestsQueryHandler.cs
FN:17,System.Void CloudServiceStore.Application.Features.RefundRequests.Queries.GetMyRefundRequests.GetMyRefundRequestsQueryHandler::.ctor(CloudServiceStore.Domain.Interfaces.IRepository`1<CloudServiceStore.Domain.Entities.RefundRequest>,CloudServiceStore.Application.Interfaces.ICurrentUserService)
FNDA:0,System.Void CloudServiceStore.Application.Features.RefundRequests.Queries.GetMyRefundRequests.GetMyRefundRequestsQueryHandler::.ctor(CloudServiceStore.Domain.Interfaces.IRepository`1<CloudServiceStore.Domain.Entities.RefundRequest>,CloudServiceStore.Application.Interfaces.ICurrentUserService)
DA:18,0
DA:19,0
FN:21,System.Void CloudServiceStore.Application.Features.RefundRequests.Queries.GetMyRefundRequests.GetMyRefundRequestsQueryHandler/<Handle>d__3::MoveNext()
FNDA:0,System.Void CloudServiceStore.Application.Features.RefundRequests.Queries.GetMyRefundRequests.GetMyRefundRequestsQueryHandler/<Handle>d__3::MoveNext()
DA:22,0
DA:23,0
DA:24,0
DA:25,0
BRDA:23,59,0,0
BRDA:23,59,1,0
LF:6
LH:0
BRF:2
BRH:0
FNF:2
FNH:0
end_of_record
SF:/home/object-oriented-software-programming/CloudServiceStore/CloudServiceStore.Application/Features/RefundRequests/Queries/GetAllRefundRequests/GetAllRefundRequestsQuery.cs
FN:6,System.Void CloudServiceStore.Application.Features.RefundRequests.Queries.GetAllRefundRequests.GetAllRefundRequestsQuery::.ctor()
FNDA:0,System.Void CloudServiceStore.Application.Features.RefundRequests.Queries.GetAllRefundRequests.GetAllRefundRequestsQuery::.ctor()
DA:7,0
LF:1
LH:0
BRF:0
BRH:0
FNF:1
FNH:0
end_of_record
SF:/home/object-oriented-software-programming/CloudServiceStore/CloudServiceStore.Application/Features/RefundRequests/Queries/GetAllRefundRequests/GetAllRefundRequestsQueryHandler.cs
FN:15,System.Void CloudServiceStore.Application.Features.RefundRequests.Queries.GetAllRefundRequests.GetAllRefundRequestsQueryHandler::.ctor(CloudServiceStore.Domain.Interfaces.IRepository`1<CloudServiceStore.Domain.Entities.RefundRequest>)
FNDA:0,System.Void CloudServiceStore.Application.Features.RefundRequests.Queries.GetAllRefundRequests.GetAllRefundRequestsQueryHandler::.ctor(CloudServiceStore.Domain.Interfaces.IRepository`1<CloudServiceStore.Domain.Entities.RefundRequest>)
DA:16,0
DA:17,0
FN:19,System.Void CloudServiceStore.Application.Features.RefundRequests.Queries.GetAllRefundRequests.GetAllRefundRequestsQueryHandler/<Handle>d__2::MoveNext()
FNDA:0,System.Void CloudServiceStore.Application.Features.RefundRequests.Queries.GetAllRefundRequests.GetAllRefundRequestsQueryHandler/<Handle>d__2::MoveNext()
DA:20,0
DA:21,0
DA:22,0
LF:5
LH:0
BRF:0
BRH:0
FNF:2
FNH:0
end_of_record
SF:/home/object-oriented-software-programming/CloudServiceStore/CloudServiceStore.Application/Features/RefundRequests/Commands/RejectRefundRequest/RejectRefundRequestCommand.cs
FN:5,System.Guid CloudServiceStore.Application.Features.RefundRequests.Commands.RejectRefundRequest.RejectRefundRequestCommand::get_Id()
FNDA:2,System.Guid CloudServiceStore.Application.Features.RefundRequests.Commands.RejectRefundRequest.RejectRefundRequestCommand::get_Id()
DA:6,2
LF:1
LH:1
BRF:0
BRH:0
FNF:1
FNH:1
end_of_record
SF:/home/object-oriented-software-programming/CloudServiceStore/CloudServiceStore.Application/Features/RefundRequests/Commands/RejectRefundRequest/RejectRefundRequestCommandHandler.cs
FN:17,System.Void CloudServiceStore.Application.Features.RefundRequests.Commands.RejectRefundRequest.RejectRefundRequestCommandHandler::.ctor(CloudServiceStore.Domain.Interfaces.IUnitOfWork,CloudServiceStore.Domain.Interfaces.IRepository`1<CloudServiceStore.Domain.Entities.RefundRequest>)
FNDA:1,System.Void CloudServiceStore.Application.Features.RefundRequests.Commands.RejectRefundRequest.RejectRefundRequestCommandHandler::.ctor(CloudServiceStore.Domain.Interfaces.IUnitOfWork,CloudServiceStore.Domain.Interfaces.IRepository`1<CloudServiceStore.Domain.Entities.RefundRequest>)
DA:18,1
DA:19,4
FN:21,System.Void CloudServiceStore.Application.Features.RefundRequests.Commands.RejectRefundRequest.RejectRefundRequestCommandHandler/<Handle>d__3::MoveNext()
FNDA:1,System.Void CloudServiceStore.Application.Features.RefundRequests.Commands.RejectRefundRequest.RejectRefundRequestCommandHandler/<Handle>d__3::MoveNext()
DA:22,1
DA:23,1
DA:24,1
DA:26,1
DA:27,0
DA:29,1
DA:31,1
DA:32,1
DA:34,1
DA:35,1
BRDA:23,167,0,0
BRDA:23,167,1,1
BRDA:26,214,0,0
BRDA:26,214,1,1
LF:12
LH:11
BRF:4
BRH:2
FNF:2
FNH:2
end_of_record
SF:/home/object-oriented-software-programming/CloudServiceStore/CloudServiceStore.Application/Features/RefundRequests/Commands/CreateRefundRequest/CreateRefundRequestCommand.cs
FN:5,System.Guid CloudServiceStore.Application.Features.RefundRequests.Commands.CreateRefundRequest.CreateRefundRequestCommand::get_OrderId()
FNDA:11,System.Guid CloudServiceStore.Application.Features.RefundRequests.Commands.CreateRefundRequest.CreateRefundRequestCommand::get_OrderId()
DA:6,11
LF:1
LH:1
BRF:0
BRH:0
FNF:1
FNH:1
end_of_record
SF:/home/object-oriented-software-programming/CloudServiceStore/CloudServiceStore.Application/Features/RefundRequests/Commands/CreateRefundRequest/CreateRefundRequestCommandHandler.cs
FN:20,System.Void CloudServiceStore.Application.Features.RefundRequests.Commands.CreateRefundRequest.CreateRefundRequestCommandHandler::.ctor(CloudServiceStore.Domain.Interfaces.IUnitOfWork,CloudServiceStore.Domain.Interfaces.IRepository`1<CloudServiceStore.Domain.Entities.RefundRequest>,CloudServiceStore.Domain.Interfaces.IRepository`1<CloudServiceStore.Domain.Entities.OrderRequest>,CloudServiceStore.Application.Interfaces.ICurrentUserService)
FNDA:4,System.Void CloudServiceStore.Application.Features.RefundRequests.Commands.CreateRefundRequest.CreateRefundRequestCommandHandler::.ctor(CloudServiceStore.Domain.Interfaces.IUnitOfWork,CloudServiceStore.Domain.Interfaces.IRepository`1<CloudServiceStore.Domain.Entities.RefundRequest>,CloudServiceStore.Domain.Interfaces.IRepository`1<CloudServiceStore.Domain.Entities.OrderRequest>,CloudServiceStore.Application.Interfaces.ICurrentUserService)
DA:21,4
DA:22,24
FN:24,System.Void CloudServiceStore.Application.Features.RefundRequests.Commands.CreateRefundRequest.CreateRefundRequestCommandHandler/<Handle>d__5::MoveNext()
FNDA:4,System.Void CloudServiceStore.Application.Features.RefundRequests.Commands.CreateRefundRequest.CreateRefundRequestCommandHandler/<Handle>d__5::MoveNext()
DA:25,4
DA:26,4
DA:28,4
DA:29,4
DA:31,3
DA:32,0
DA:34,3
DA:35,1
DA:37,2
DA:38,2
DA:39,1
DA:41,1
DA:43,1
DA:44,1
DA:46,1
DA:47,1
BRDA:26,105,0,0
BRDA:26,105,1,4
BRDA:28,280,0,1
BRDA:28,280,1,3
BRDA:31,332,0,0
BRDA:31,332,1,3
BRDA:34,366,0,1
BRDA:34,366,1,2
BRDA:38,739,0,1
BRDA:38,739,1,1
LF:18
LH:17
BRF:10
BRH:8
FNF:2
FNH:2
end_of_record
SF:/home/object-oriented-software-programming/CloudServiceStore/CloudServiceStore.Application/Features/RefundRequests/Commands/ApproveRefundRequest/ApproveRefundRequestCommand.cs
FN:5,System.Guid CloudServiceStore.Application.Features.RefundRequests.Commands.ApproveRefundRequest.ApproveRefundRequestCommand::get_Id()
FNDA:4,System.Guid CloudServiceStore.Application.Features.RefundRequests.Commands.ApproveRefundRequest.ApproveRefundRequestCommand::get_Id()
DA:6,4
LF:1
LH:1
BRF:0
BRH:0
FNF:1
FNH:1
end_of_record
SF:/home/object-oriented-software-programming/CloudServiceStore/CloudServiceStore.Application/Features/RefundRequests/Commands/ApproveRefundRequest/ApproveRefundRequestCommandHandler.cs
FN:20,System.Void CloudServiceStore.Application.Features.RefundRequests.Commands.ApproveRefundRequest.ApproveRefundRequestCommandHandler::.ctor(CloudServiceStore.Domain.Interfaces.IUnitOfWork,CloudServiceStore.Domain.Interfaces.IRepository`1<CloudServiceStore.Domain.Entities.RefundRequest>,CloudServiceStore.Domain.Interfaces.IRepository`1<CloudServiceStore.Domain.Entities.OrderRequest>,CloudServiceStore.Domain.Interfaces.IRepository`1<CloudServiceStore.Domain.Entities.Wallet>)
FNDA:2,System.Void CloudServiceStore.Application.Features.RefundRequests.Commands.ApproveRefundRequest.ApproveRefundRequestCommandHandler::.ctor(CloudServiceStore.Domain.Interfaces.IUnitOfWork,CloudServiceStore.Domain.Interfaces.IRepository`1<CloudServiceStore.Domain.Entities.RefundRequest>,CloudServiceStore.Domain.Interfaces.IRepository`1<CloudServiceStore.Domain.Entities.OrderRequest>,CloudServiceStore.Domain.Interfaces.IRepository`1<CloudServiceStore.Domain.Entities.Wallet>)
DA:21,2
DA:22,12
FN:24,System.Void CloudServiceStore.Application.Features.RefundRequests.Commands.ApproveRefundRequest.ApproveRefundRequestCommandHandler/<Handle>d__5::MoveNext()
FNDA:2,System.Void CloudServiceStore.Application.Features.RefundRequests.Commands.ApproveRefundRequest.ApproveRefundRequestCommandHandler/<Handle>d__5::MoveNext()
DA:25,2
DA:26,2
DA:27,2
DA:29,1
DA:30,0
DA:32,1
DA:33,1
DA:35,1
DA:36,1
DA:38,1
DA:40,1
DA:42,1
DA:44,1
DA:45,1
DA:46,1
DA:48,1
DA:50,1
DA:51,1
BRDA:26,206,0,1
BRDA:26,206,1,1
BRDA:29,258,0,0
BRDA:29,258,1,1
BRDA:32,420,0,0
BRDA:32,420,1,1
BRDA:36,735,0,0
BRDA:36,735,1,1
LF:20
LH:19
BRF:8
BRH:5
FNF:2
FNH:2
end_of_record
SF:/home/object-oriented-software-programming/CloudServiceStore/CloudServiceStore.Application/Features/Referrals/Queries/GetMyReferral/GetMyReferralQueryHandler.cs
FN:46,System.String CloudServiceStore.Application.Features.Referrals.Queries.GetMyReferral.GetMyReferralQueryHandler::GenerateUniqueCode(System.Guid)
FNDA:1,System.String CloudServiceStore.Application.Features.Referrals.Queries.GetMyReferral.GetMyReferralQueryHandler::GenerateUniqueCode(System.Guid)
DA:47,1
DA:48,1
DA:49,1
FN:18,System.Void CloudServiceStore.Application.Features.Referrals.Queries.GetMyReferral.GetMyReferralQueryHandler::.ctor(CloudServiceStore.Domain.Interfaces.IRepository`1<CloudServiceStore.Domain.Entities.ReferralCode>,CloudServiceStore.Domain.Interfaces.IUnitOfWork,CloudServiceStore.Application.Interfaces.ICurrentUserService)
FNDA:2,System.Void CloudServiceStore.Application.Features.Referrals.Queries.GetMyReferral.GetMyReferralQueryHandler::.ctor(CloudServiceStore.Domain.Interfaces.IRepository`1<CloudServiceStore.Domain.Entities.ReferralCode>,CloudServiceStore.Domain.Interfaces.IUnitOfWork,CloudServiceStore.Application.Interfaces.ICurrentUserService)
DA:19,2
DA:20,2
DA:21,2
DA:22,2
DA:23,2
DA:24,2
FN:26,System.Void CloudServiceStore.Application.Features.Referrals.Queries.GetMyReferral.GetMyReferralQueryHandler/<Handle>d__4::MoveNext()
FNDA:2,System.Void CloudServiceStore.Application.Features.Referrals.Queries.GetMyReferral.GetMyReferralQueryHandler/<Handle>d__4::MoveNext()
DA:27,2
DA:28,2
DA:30,2
DA:31,2
DA:32,1
DA:33,1
DA:37,1
DA:38,1
DA:40,1
DA:41,1
DA:43,1
DA:44,2
BRDA:28,84,0,0
BRDA:28,84,1,2
BRDA:31,387,0,1
BRDA:31,387,1,1
LF:21
LH:21
BRF:4
BRH:3
FNF:3
FNH:3
end_of_record
SF:/home/object-oriented-software-programming/CloudServiceStore/CloudServiceStore.Application/Features/Referrals/Commands/ApplyReferralCode/ApplyReferralCodeCommand.cs
FN:6,System.String CloudServiceStore.Application.Features.Referrals.Commands.ApplyReferralCode.ApplyReferralCodeCommand::get_Code()
FNDA:9,System.String CloudServiceStore.Application.Features.Referrals.Commands.ApplyReferralCode.ApplyReferralCodeCommand::get_Code()
DA:7,9
LF:1
LH:1
BRF:0
BRH:0
FNF:1
FNH:1
end_of_record
SF:/home/object-oriented-software-programming/CloudServiceStore/CloudServiceStore.Application/Features/Referrals/Commands/ApplyReferralCode/ApplyReferralCodeCommandHandler.cs
FN:18,System.Void CloudServiceStore.Application.Features.Referrals.Commands.ApplyReferralCode.ApplyReferralCodeCommandHandler::.ctor(CloudServiceStore.Domain.Interfaces.IRepository`1<CloudServiceStore.Domain.Entities.ReferralCode>,CloudServiceStore.Domain.Interfaces.IRepository`1<CloudServiceStore.Domain.Entities.ReferralReward>,CloudServiceStore.Domain.Interfaces.IUnitOfWork,CloudServiceStore.Application.Interfaces.ICurrentUserService)
FNDA:4,System.Void CloudServiceStore.Application.Features.Referrals.Commands.ApplyReferralCode.ApplyReferralCodeCommandHandler::.ctor(CloudServiceStore.Domain.Interfaces.IRepository`1<CloudServiceStore.Domain.Entities.ReferralCode>,CloudServiceStore.Domain.Interfaces.IRepository`1<CloudServiceStore.Domain.Entities.ReferralReward>,CloudServiceStore.Domain.Interfaces.IUnitOfWork,CloudServiceStore.Application.Interfaces.ICurrentUserService)
DA:19,4
DA:20,4
DA:21,4
DA:22,4
DA:23,4
DA:24,4
DA:25,4
DA:26,4
DA:27,4
DA:28,4
DA:29,4
FN:31,System.Void CloudServiceStore.Application.Features.Referrals.Commands.ApplyReferralCode.ApplyReferralCodeCommandHandler/<Handle>d__5::MoveNext()
FNDA:4,System.Void CloudServiceStore.Application.Features.Referrals.Commands.ApplyReferralCode.ApplyReferralCodeCommandHandler/<Handle>d__5::MoveNext()
DA:32,4
DA:33,4
DA:35,4
DA:36,5
DA:38,4
DA:40,2
DA:41,3
DA:43,1
DA:44,1
DA:45,1
DA:46,1
DA:47,1
DA:48,1
DA:49,1
DA:50,1
DA:52,1
DA:53,1
DA:55,1
DA:56,1
[...]
FN:5,System.Guid CloudServiceStore.Application.Features.Affiliates.Commands.Approve.ApproveAffiliateCommand::get_ApplicationId()
FNDA:5,System.Guid CloudServiceStore.Application.Features.Affiliates.Commands.Approve.ApproveAffiliateCommand::get_ApplicationId()
DA:6,5
LF:1
LH:1
BRF:0
BRH:0
FNF:1
FNH:1
end_of_record
SF:/home/object-oriented-software-programming/CloudServiceStore/CloudServiceStore.Application/Features/Affiliates/Commands/Approve/ApproveAffiliateCommandHandler.cs
FN:16,System.Void CloudServiceStore.Application.Features.Affiliates.Commands.Approve.ApproveAffiliateCommandHandler::.ctor(CloudServiceStore.Domain.Interfaces.IUnitOfWork,CloudServiceStore.Domain.Interfaces.IRepository`1<CloudServiceStore.Domain.Entities.AffiliateApplication>)
FNDA:2,System.Void CloudServiceStore.Application.Features.Affiliates.Commands.Approve.ApproveAffiliateCommandHandler::.ctor(CloudServiceStore.Domain.Interfaces.IUnitOfWork,CloudServiceStore.Domain.Interfaces.IRepository`1<CloudServiceStore.Domain.Entities.AffiliateApplication>)
DA:17,2
DA:18,2
DA:19,2
DA:20,2
DA:21,2
FN:23,System.Void CloudServiceStore.Application.Features.Affiliates.Commands.Approve.ApproveAffiliateCommandHandler/<Handle>d__3::MoveNext()
FNDA:2,System.Void CloudServiceStore.Application.Features.Affiliates.Commands.Approve.ApproveAffiliateCommandHandler/<Handle>d__3::MoveNext()
DA:24,2
DA:25,2
DA:26,2
DA:28,1
DA:29,1
DA:30,1
DA:31,1
BRDA:25,167,0,1
BRDA:25,167,1,1
LF:12
LH:12
BRF:2
BRH:2
FNF:2
FNH:2
end_of_record
SF:/home/object-oriented-software-programming/CloudServiceStore/CloudServiceStore.Application/Features/AbandonedCarts/Commands/SendReminders/SendAbandonedCartRemindersCommand.cs
FN:4,System.Void CloudServiceStore.Application.Features.AbandonedCarts.Commands.SendReminders.SendAbandonedCartRemindersCommand::.ctor()
FNDA:1,System.Void CloudServiceStore.Application.Features.AbandonedCarts.Commands.SendReminders.SendAbandonedCartRemindersCommand::.ctor()
DA:5,1
LF:1
LH:1
BRF:0
BRH:0
FNF:1
FNH:1
end_of_record
SF:/home/object-oriented-software-programming/CloudServiceStore/CloudServiceStore.Application/Features/AbandonedCarts/Commands/SendReminders/SendAbandonedCartRemindersCommandHandler.cs
FN:16,System.Void CloudServiceStore.Application.Features.AbandonedCarts.Commands.SendReminders.SendAbandonedCartRemindersCommandHandler::.ctor(CloudServiceStore.Domain.Interfaces.IUnitOfWork,CloudServiceStore.Domain.Interfaces.IRepository`1<CloudServiceStore.Domain.Entities.Cart>,CloudServiceStore.Domain.Interfaces.IRepository`1<CloudServiceStore.Domain.Entities.CartReminder>)
FNDA:1,System.Void CloudServiceStore.Application.Features.AbandonedCarts.Commands.SendReminders.SendAbandonedCartRemindersCommandHandler::.ctor(CloudServiceStore.Domain.Interfaces.IUnitOfWork,CloudServiceStore.Domain.Interfaces.IRepository`1<CloudServiceStore.Domain.Entities.Cart>,CloudServiceStore.Domain.Interfaces.IRepository`1<CloudServiceStore.Domain.Entities.CartReminder>)
DA:17,1
DA:18,1
DA:19,1
DA:20,1
DA:21,1
DA:22,1
DA:23,1
DA:24,1
DA:25,1
FN:32,System.Boolean CloudServiceStore.Application.Features.AbandonedCarts.Commands.SendReminders.SendAbandonedCartRemindersCommandHandler/<>c__DisplayClass4_0::<Handle>b__0(CloudServiceStore.Domain.Entities.Cart)
FNDA:2,System.Boolean CloudServiceStore.Application.Features.AbandonedCarts.Commands.SendReminders.SendAbandonedCartRemindersCommandHandler/<>c__DisplayClass4_0::<Handle>b__0(CloudServiceStore.Domain.Entities.Cart)
DA:33,2
BRDA:33,6,0,1
BRDA:33,19,0,1
BRDA:33,6,1,0
BRDA:33,19,1,0
FN:27,System.Void CloudServiceStore.Application.Features.AbandonedCarts.Commands.SendReminders.SendAbandonedCartRemindersCommandHandler/<Handle>d__4::MoveNext()
FNDA:1,System.Void CloudServiceStore.Application.Features.AbandonedCarts.Commands.SendReminders.SendAbandonedCartRemindersCommandHandler/<Handle>d__4::MoveNext()
DA:28,1
DA:29,1
DA:30,1
DA:35,1
DA:36,5
DA:37,1
DA:38,1
DA:39,1
DA:43,1
DA:44,1
DA:45,1
DA:46,1
DA:47,1
DA:48,1
DA:49,1
DA:50,1
DA:52,1
DA:53,1
DA:54,1
DA:56,1
DA:57,1
DA:58,1
DA:59,1
DA:61,1
DA:62,1
BRDA:36,919,1,1
BRDA:39,646,1,1
BRDA:39,646,0,2
BRDA:36,919,0,1
BRDA:56,974,0,1
BRDA:56,974,1,1
LF:35
LH:35
BRF:10
BRH:8
FNF:3
FNH:3
end_of_record
SF:/home/object-oriented-software-programming/CloudServiceStore/CloudServiceStore.Application/Exceptions/BadRequestException.cs
FN:6,System.Void CloudServiceStore.Application.Exceptions.BadRequestException::.ctor(System.String)
FNDA:7,System.Void CloudServiceStore.Application.Exceptions.BadRequestException::.ctor(System.String)
DA:7,7
DA:8,7
DA:9,7
LF:3
LH:3
BRF:0
BRH:0
FNF:1
FNH:1
end_of_record
SF:/home/object-oriented-software-programming/CloudServiceStore/CloudServiceStore.Application/Exceptions/ConflictException.cs
FN:6,System.Void CloudServiceStore.Application.Exceptions.ConflictException::.ctor(System.String)
FNDA:63,System.Void CloudServiceStore.Application.Exceptions.ConflictException::.ctor(System.String)
DA:7,63
LF:1
LH:1
BRF:0
BRH:0
FNF:1
FNH:1
end_of_record
SF:/home/object-oriented-software-programming/CloudServiceStore/CloudServiceStore.Application/Exceptions/NotFoundException.cs
FN:6,System.Void CloudServiceStore.Application.Exceptions.NotFoundException::.ctor(System.String)
FNDA:29,System.Void CloudServiceStore.Application.Exceptions.NotFoundException::.ctor(System.String)
DA:7,29
DA:8,29
DA:9,29
FN:10,System.Void CloudServiceStore.Application.Exceptions.NotFoundException::.ctor(System.String,System.Object)
FNDA:9,System.Void CloudServiceStore.Application.Exceptions.NotFoundException::.ctor(System.String,System.Object)
DA:11,9
DA:12,9
DA:13,9
LF:6
LH:6
BRF:0
BRH:0
FNF:2
FNH:2
end_of_record
SF:/home/object-oriented-software-programming/CloudServiceStore/CloudServiceStore.Application/Exceptions/UnauthorizedException.cs
FN:6,System.Void CloudServiceStore.Application.Exceptions.UnauthorizedException::.ctor(System.String)
FNDA:96,System.Void CloudServiceStore.Application.Exceptions.UnauthorizedException::.ctor(System.String)
DA:7,96
LF:1
LH:1
BRF:0
BRH:0
FNF:1
FNH:1
end_of_record
SF:/home/object-oriented-software-programming/CloudServiceStore/CloudServiceStore.Application/Events/PaymentConfirmedEvent.cs
FN:5,System.Guid CloudServiceStore.Application.Events.PaymentConfirmedEvent::get_PaymentId()
FNDA:1,System.Guid CloudServiceStore.Application.Events.PaymentConfirmedEvent::get_PaymentId()
DA:6,1
LF:1
LH:1
BRF:0
BRH:0
FNF:1
FNH:1
end_of_record
SF:/home/object-oriented-software-programming/CloudServiceStore/CloudServiceStore.Application/DTOs/BannerDto.cs
FN:6,System.Guid CloudServiceStore.Application.DTOs.BannerDto::get_Id()
FNDA:2,System.Guid CloudServiceStore.Application.DTOs.BannerDto::get_Id()
DA:7,2
FN:7,System.String CloudServiceStore.Application.DTOs.BannerDto::get_ImageUrl()
FNDA:4,System.String CloudServiceStore.Application.DTOs.BannerDto::get_ImageUrl()
DA:8,4
FN:8,System.String CloudServiceStore.Application.DTOs.BannerDto::get_LinkUrl()
FNDA:2,System.String CloudServiceStore.Application.DTOs.BannerDto::get_LinkUrl()
DA:9,2
FN:9,System.Int32 CloudServiceStore.Application.DTOs.BannerDto::get_DisplayOrder()
FNDA:5,System.Int32 CloudServiceStore.Application.DTOs.BannerDto::get_DisplayOrder()
DA:10,5
FN:10,System.Boolean CloudServiceStore.Application.DTOs.BannerDto::get_IsActive()
FNDA:2,System.Boolean CloudServiceStore.Application.DTOs.BannerDto::get_IsActive()
DA:11,2
FN:11,System.Nullable`1<System.DateTime> CloudServiceStore.Application.DTOs.BannerDto::get_StartDate()
FNDA:2,System.Nullable`1<System.DateTime> CloudServiceStore.Application.DTOs.BannerDto::get_StartDate()
DA:12,2
FN:12,System.Nullable`1<System.DateTime> CloudServiceStore.Application.DTOs.BannerDto::get_EndDate()
FNDA:2,System.Nullable`1<System.DateTime> CloudServiceStore.Application.DTOs.BannerDto::get_EndDate()
DA:13,2
LF:7
LH:7
BRF:0
BRH:0
FNF:7
FNH:7
end_of_record
SF:/home/object-oriented-software-programming/CloudServiceStore/CloudServiceStore.Application/DTOs/ExchangeRateDto.cs
FN:6,System.Guid CloudServiceStore.Application.DTOs.ExchangeRateDto::get_Id()
FNDA:0,System.Guid CloudServiceStore.Application.DTOs.ExchangeRateDto::get_Id()
DA:7,0
FN:7,System.String CloudServiceStore.Application.DTOs.ExchangeRateDto::get_FromCurrency()
FNDA:0,System.String CloudServiceStore.Application.DTOs.ExchangeRateDto::get_FromCurrency()
DA:8,0
FN:8,System.String CloudServiceStore.Application.DTOs.ExchangeRateDto::get_ToCurrency()
FNDA:0,System.String CloudServiceStore.Application.DTOs.ExchangeRateDto::get_ToCurrency()
DA:9,0
FN:9,System.Decimal CloudServiceStore.Application.DTOs.ExchangeRateDto::get_Rate()
FNDA:0,System.Decimal CloudServiceStore.Application.DTOs.ExchangeRateDto::get_Rate()
DA:10,0
FN:10,System.DateTime CloudServiceStore.Application.DTOs.ExchangeRateDto::get_UpdatedAt()
FNDA:0,System.DateTime CloudServiceStore.Application.DTOs.ExchangeRateDto::get_UpdatedAt()
DA:11,0
LF:5
LH:0
BRF:0
BRH:0
FNF:5
FNH:0
end_of_record
SF:/home/object-oriented-software-programming/CloudServiceStore/CloudServiceStore.Application/DTOs/GiftCardBalanceDto.cs
FN:4,System.String CloudServiceStore.Application.DTOs.GiftCardBalanceDto::get_Code()
FNDA:2,System.String CloudServiceStore.Application.DTOs.GiftCardBalanceDto::get_Code()
DA:5,2
FN:5,System.Decimal CloudServiceStore.Application.DTOs.GiftCardBalanceDto::get_RemainingAmount()
FNDA:2,System.Decimal CloudServiceStore.Application.DTOs.GiftCardBalanceDto::get_RemainingAmount()
DA:6,2
FN:6,System.Boolean CloudServiceStore.Application.DTOs.GiftCardBalanceDto::get_IsActive()
FNDA:2,System.Boolean CloudServiceStore.Application.DTOs.GiftCardBalanceDto::get_IsActive()
DA:7,2
LF:3
LH:3
BRF:0
BRH:0
FNF:3
FNH:3
end_of_record
SF:/home/object-oriented-software-programming/CloudServiceStore/CloudServiceStore.Application/DTOs/InvoiceDto.cs
FN:6,System.Guid CloudServiceStore.Application.DTOs.InvoiceDto::get_Id()
FNDA:2,System.Guid CloudServiceStore.Application.DTOs.InvoiceDto::get_Id()
DA:7,2
FN:7,System.Guid CloudServiceStore.Application.DTOs.InvoiceDto::get_OrderRequestId()
FNDA:1,System.Guid CloudServiceStore.Application.DTOs.InvoiceDto::get_OrderRequestId()
DA:8,1
FN:8,System.String CloudServiceStore.Application.DTOs.InvoiceDto::get_InvoiceNumber()
FNDA:3,System.String CloudServiceStore.Application.DTOs.InvoiceDto::get_InvoiceNumber()
DA:9,3
FN:9,System.DateTime CloudServiceStore.Application.DTOs.InvoiceDto::get_IssuedAt()
FNDA:1,System.DateTime CloudServiceStore.Application.DTOs.InvoiceDto::get_IssuedAt()
DA:10,1
FN:10,System.String CloudServiceStore.Application.DTOs.InvoiceDto::get_PdfUrl()
FNDA:3,System.String CloudServiceStore.Application.DTOs.InvoiceDto::get_PdfUrl()
DA:11,3
LF:5
LH:5
BRF:0
BRH:0
FNF:5
FNH:5
end_of_record
SF:/home/object-oriented-software-programming/CloudServiceStore/CloudServiceStore.Application/DTOs/LoyaltyDto.cs
FN:6,System.Guid CloudServiceStore.Application.DTOs.LoyaltyDto::get_UserId()
FNDA:3,System.Guid CloudServiceStore.Application.DTOs.LoyaltyDto::get_UserId()
DA:7,3
FN:7,System.Int32 CloudServiceStore.Application.DTOs.LoyaltyDto::get_Points()
FNDA:4,System.Int32 CloudServiceStore.Application.DTOs.LoyaltyDto::get_Points()
DA:8,4
LF:2
LH:2
BRF:0
BRH:0
FNF:2
FNH:2
end_of_record
SF:/home/object-oriented-software-programming/CloudServiceStore/CloudServiceStore.Application/DTOs/ReferralDto.cs
FN:6,System.Guid CloudServiceStore.Application.DTOs.ReferralDto::get_Id()
FNDA:2,System.Guid CloudServiceStore.Application.DTOs.ReferralDto::get_Id()
DA:7,2
FN:7,System.String CloudServiceStore.Application.DTOs.ReferralDto::get_Code()
FNDA:6,System.String CloudServiceStore.Application.DTOs.ReferralDto::get_Code()
DA:8,6
LF:2
LH:2
BRF:0
BRH:0
FNF:2
FNH:2
end_of_record
SF:/home/object-oriented-software-programming/CloudServiceStore/CloudServiceStore.Application/DTOs/SavedPaymentMethodDto.cs
FN:6,System.Guid CloudServiceStore.Application.DTOs.SavedPaymentMethodDto::get_Id()
FNDA:1,System.Guid CloudServiceStore.Application.DTOs.SavedPaymentMethodDto::get_Id()
DA:7,1
FN:7,System.String CloudServiceStore.Application.DTOs.SavedPaymentMethodDto::get_Gateway()
FNDA:3,System.String CloudServiceStore.Application.DTOs.SavedPaymentMethodDto::get_Gateway()
DA:8,3
FN:8,System.String CloudServiceStore.Application.DTOs.SavedPaymentMethodDto::get_MaskedInfo()
FNDA:2,System.String CloudServiceStore.Application.DTOs.SavedPaymentMethodDto::get_MaskedInfo()
DA:9,2
FN:9,System.Boolean CloudServiceStore.Application.DTOs.SavedPaymentMethodDto::get_IsDefault()
FNDA:1,System.Boolean CloudServiceStore.Application.DTOs.SavedPaymentMethodDto::get_IsDefault()
DA:10,1
FN:10,System.DateTime CloudServiceStore.Application.DTOs.SavedPaymentMethodDto::get_CreatedAt()
FNDA:1,System.DateTime CloudServiceStore.Application.DTOs.SavedPaymentMethodDto::get_CreatedAt()
DA:11,1
LF:5
LH:5
BRF:0
BRH:0
FNF:5
FNH:5
end_of_record
SF:/home/object-oriented-software-programming/CloudServiceStore/CloudServiceStore.Application/DTOs/ServicePlanPriceDto.cs
FN:7,System.Guid CloudServiceStore.Application.DTOs.ServicePlanPriceDto::get_ServicePlanId()
FNDA:6,System.Guid CloudServiceStore.Application.DTOs.ServicePlanPriceDto::get_ServicePlanId()
DA:8,6
FN:8,System.String CloudServiceStore.Application.DTOs.ServicePlanPriceDto::get_ServicePlanName()
FNDA:12,System.String CloudServiceStore.Application.DTOs.ServicePlanPriceDto::get_ServicePlanName()
DA:9,12
FN:9,CloudServiceStore.Domain.Enums.BillingCycle CloudServiceStore.Application.DTOs.ServicePlanPriceDto::get_BillingCycle()
FNDA:6,CloudServiceStore.Domain.Enums.BillingCycle CloudServiceStore.Application.DTOs.ServicePlanPriceDto::get_BillingCycle()
DA:10,6
FN:10,System.Decimal CloudServiceStore.Application.DTOs.ServicePlanPriceDto::get_Price()
FNDA:8,System.Decimal CloudServiceStore.Application.DTOs.ServicePlanPriceDto::get_Price()
DA:11,8
FN:11,System.String CloudServiceStore.Application.DTOs.ServicePlanPriceDto::get_Currency()
FNDA:18,System.String CloudServiceStore.Application.DTOs.ServicePlanPriceDto::get_Currency()
DA:12,18
LF:5
LH:5
BRF:0
BRH:0
FNF:5
FNH:5
end_of_record
SF:/home/object-oriented-software-programming/CloudServiceStore/CloudServiceStore.Application/DTOs/TestimonialDto.cs
FN:6,System.Guid CloudServiceStore.Application.DTOs.TestimonialDto::get_Id()
FNDA:0,System.Guid CloudServiceStore.Application.DTOs.TestimonialDto::get_Id()
DA:7,0
FN:7,System.Guid CloudServiceStore.Application.DTOs.TestimonialDto::get_ServicePlanId()
FNDA:0,System.Guid CloudServiceStore.Application.DTOs.TestimonialDto::get_ServicePlanId()
DA:8,0
FN:8,System.String CloudServiceStore.Application.DTOs.TestimonialDto::get_ReviewerName()
FNDA:0,System.String CloudServiceStore.Application.DTOs.TestimonialDto::get_ReviewerName()
DA:9,0
FN:9,System.Int32 CloudServiceStore.Application.DTOs.TestimonialDto::get_Rating()
FNDA:0,System.Int32 CloudServiceStore.Application.DTOs.TestimonialDto::get_Rating()
DA:10,0
FN:10,System.String CloudServiceStore.Application.DTOs.TestimonialDto::get_Comment()
FNDA:0,System.String CloudServiceStore.Application.DTOs.TestimonialDto::get_Comment()
DA:11,0
FN:11,System.DateTime CloudServiceStore.Application.DTOs.TestimonialDto::get_CreatedAt()
FNDA:0,System.DateTime CloudServiceStore.Application.DTOs.TestimonialDto::get_CreatedAt()
DA:12,0
LF:6
LH:0
BRF:0
BRH:0
FNF:6
FNH:0
end_of_record
SF:/home/object-oriented-software-programming/CloudServiceStore/CloudServiceStore.Application/DTOs/WishlistItemDto.cs
FN:6,System.Guid CloudServiceStore.Application.DTOs.WishlistItemDto::get_Id()
FNDA:1,System.Guid CloudServiceStore.Application.DTOs.WishlistItemDto::get_Id()
DA:7,1
FN:7,System.Guid CloudServiceStore.Application.DTOs.WishlistItemDto::get_ServicePlanId()
FNDA:1,System.Guid CloudServiceStore.Application.DTOs.WishlistItemDto::get_ServicePlanId()
DA:8,1
FN:8,System.String CloudServiceStore.Application.DTOs.WishlistItemDto::get_ServicePlanName()
FNDA:3,System.String CloudServiceStore.Application.DTOs.WishlistItemDto::get_ServicePlanName()
DA:9,3
FN:9,System.DateTime CloudServiceStore.Application.DTOs.WishlistItemDto::get_AddedAt()
FNDA:1,System.DateTime CloudServiceStore.Application.DTOs.WishlistItemDto::get_AddedAt()
DA:10,1
LF:4
LH:4
BRF:0
BRH:0
FNF:4
FNH:4
end_of_record
SF:/home/object-oriented-software-programming/CloudServiceStore/CloudServiceStore.Application/Behaviors/CachingBehavior.cs
FN:10,System.Void CloudServiceStore.Application.Behaviors.CachingBehavior`2/<Handle>d__0::MoveNext()
FNDA:0,System.Void CloudServiceStore.Application.Behaviors.CachingBehavior`2/<Handle>d__0::MoveNext()
DA:11,0
DA:13,0
DA:14,0
LF:3
LH:0
BRF:0
BRH:0
FNF:1
FNH:0
end_of_record
SF:/home/object-oriented-software-programming/CloudServiceStore/CloudServiceStore.Application/Behaviors/LoggingBehavior.cs
FN:12,System.Void CloudServiceStore.Application.Behaviors.LoggingBehavior`2::.ctor(Microsoft.Extensions.Logging.ILogger`1<CloudServiceStore.Application.Behaviors.LoggingBehavior`2<TRequest,TResponse>>)
FNDA:0,System.Void CloudServiceStore.Application.Behaviors.LoggingBehavior`2::.ctor(Microsoft.Extensions.Logging.ILogger`1<CloudServiceStore.Application.Behaviors.LoggingBehavior`2<TRequest,TResponse>>)
DA:13,0
DA:14,0
DA:15,0
DA:16,0
FN:18,System.Void CloudServiceStore.Application.Behaviors.LoggingBehavior`2/<Handle>d__2::MoveNext()
FNDA:0,System.Void CloudServiceStore.Application.Behaviors.LoggingBehavior`2/<Handle>d__2::MoveNext()
DA:19,0
DA:20,0
DA:21,0
DA:22,0
DA:23,0
DA:24,0
LF:10
LH:0
BRF:0
BRH:0
FNF:2
FNH:0
end_of_record
SF:/home/object-oriented-software-programming/CloudServiceStore/CloudServiceStore.Application/Behaviors/PerformanceBehavior.cs
FN:14,System.Void CloudServiceStore.Application.Behaviors.PerformanceBehavior`2::.ctor(Microsoft.Extensions.Logging.ILogger`1<TRequest>)
FNDA:0,System.Void CloudServiceStore.Application.Behaviors.PerformanceBehavior`2::.ctor(Microsoft.Extensions.Logging.ILogger`1<TRequest>)
DA:15,0
DA:16,0
DA:17,0
DA:18,0
DA:19,0
FN:21,System.Void CloudServiceStore.Application.Behaviors.PerformanceBehavior`2/<Handle>d__3::MoveNext()
FNDA:0,System.Void CloudServiceStore.Application.Behaviors.PerformanceBehavior`2/<Handle>d__3::MoveNext()
DA:22,0
DA:23,0
DA:24,0
DA:25,0
DA:27,0
DA:28,0
DA:29,0
DA:30,0
DA:31,0
DA:32,0
DA:34,0
DA:35,0
BRDA:28,229,0,0
BRDA:28,229,1,0
LF:17
LH:0
BRF:2
BRH:0
FNF:2
FNH:0
end_of_record
SF:/home/object-oriented-software-programming/CloudServiceStore/CloudServiceStore.Application/Behaviors/ValidationBehavior.cs
FN:13,System.Void CloudServiceStore.Application.Behaviors.ValidationBehavior`2::.ctor(System.Collections.Generic.IEnumerable`1<FluentValidation.IValidator`1<TRequest>>)
FNDA:0,System.Void CloudServiceStore.Application.Behaviors.ValidationBehavior`2::.ctor(System.Collections.Generic.IEnumerable`1<FluentValidation.IValidator`1<TRequest>>)
DA:14,0
FN:21,System.Collections.Generic.IEnumerable`1<FluentValidation.Results.ValidationFailure> CloudServiceStore.Application.Behaviors.ValidationBehavior`2/<>c::<Handle>b__2_0(FluentValidation.Results.ValidationResult)
FNDA:0,System.Collections.Generic.IEnumerable`1<FluentValidation.Results.ValidationFailure> CloudServiceStore.Application.Behaviors.ValidationBehavior`2/<>c::<Handle>b__2_0(FluentValidation.Results.ValidationResult)
DA:22,0
FN:20,System.Threading.Tasks.Task`1<FluentValidation.Results.ValidationResult> CloudServiceStore.Application.Behaviors.ValidationBehavior`2/<>c__DisplayClass2_1::<Handle>b__2(FluentValidation.IValidator`1<TRequest>)
FNDA:0,System.Threading.Tasks.Task`1<FluentValidation.Results.ValidationResult> CloudServiceStore.Application.Behaviors.ValidationBehavior`2/<>c__DisplayClass2_1::<Handle>b__2(FluentValidation.IValidator`1<TRequest>)
DA:21,0
FN:16,System.Void CloudServiceStore.Application.Behaviors.ValidationBehavior`2/<Handle>d__2::MoveNext()
FNDA:0,System.Void CloudServiceStore.Application.Behaviors.ValidationBehavior`2/<Handle>d__2::MoveNext()
DA:17,0
DA:18,0
DA:19,0
DA:20,0
DA:24,0
DA:25,0
DA:26,0
DA:28,0
DA:29,0
BRDA:18,75,0,0
BRDA:22,297,0,0
BRDA:22,297,1,0
BRDA:22,333,0,0
BRDA:22,333,1,0
BRDA:24,391,0,0
BRDA:24,391,1,0
BRDA:18,75,1,0
LF:12
LH:0
BRF:8
BRH:0
FNF:4
FNH:0
end_of_record